02:47:20.972 [DEBUG] [org.gradle.launcher.daemon.bootstrap.DaemonMain] Assuming the daemon was started with following jvm opts: [-XX:+HeapDumpOnOutOfMemoryError, -Xmx1024m, -Dfile.encoding=UTF-8, -Duser.country, -Duser.language=en, -Duser.variant]
02:47:21.189 [INFO] [org.gradle.launcher.daemon.server.Daemon] start() called on daemon - DefaultDaemonContext[uid=a1441bf8-35f9-4c26-a339-7998a2445b27,javaHome=/opt/jdk1.8.0_172,daemonRegistryDir=/eureka-server/cache/daemon,pid=33,idleTimeout=10800000,daemonOpts=-XX:+HeapDumpOnOutOfMemoryError,-Xmx1024m,-Dfile.encoding=UTF-8,-Duser.country,-Duser.language=en,-Duser.variant]
02:47:21.238 [DEBUG] [org.gradle.internal.remote.internal.inet.InetAddresses] Adding IP addresses for network interface eth0
02:47:21.241 [DEBUG] [org.gradle.internal.remote.internal.inet.InetAddresses] Is this a loopback interface? false
02:47:21.244 [DEBUG] [org.gradle.internal.remote.internal.inet.InetAddresses] Is this a multicast interface? true
02:47:21.246 [DEBUG] [org.gradle.internal.remote.internal.inet.InetAddresses] Adding remote address /172.18.0.4
02:47:21.250 [DEBUG] [org.gradle.internal.remote.internal.inet.InetAddresses] Adding remote multicast interface eth0
02:47:21.253 [DEBUG] [org.gradle.internal.remote.internal.inet.InetAddresses] Adding IP addresses for network interface lo
02:47:21.256 [DEBUG] [org.gradle.internal.remote.internal.inet.InetAddresses] Is this a loopback interface? true
02:47:21.258 [DEBUG] [org.gradle.internal.remote.internal.inet.InetAddresses] Is this a multicast interface? false
02:47:21.261 [DEBUG] [org.gradle.internal.remote.internal.inet.InetAddresses] Adding loopback address /127.0.0.1
02:47:21.267 [DEBUG] [org.gradle.internal.remote.internal.inet.TcpIncomingConnector] Listening on [3e0e37f0-84f7-46cb-8e72-522fcbc99523 port:41361, addresses:[/127.0.0.1]].
02:47:21.277 [DEBUG] [org.gradle.launcher.daemon.server.Daemon] Daemon starting at: Wed Jun 13 02:47:21 GMT 2018, with address: [3e0e37f0-84f7-46cb-8e72-522fcbc99523 port:41361, addresses:[/127.0.0.1]]
02:47:21.280 [INFO] [org.gradle.launcher.daemon.server.DaemonRegistryUpdater] Advertising the daemon address to the clients: [3e0e37f0-84f7-46cb-8e72-522fcbc99523 port:41361, addresses:[/127.0.0.1]]
02:47:21.283 [DEBUG] [org.gradle.launcher.daemon.server.DaemonRegistryUpdater] Advertised daemon context: DefaultDaemonContext[uid=a1441bf8-35f9-4c26-a339-7998a2445b27,javaHome=/opt/jdk1.8.0_172,daemonRegistryDir=/eureka-server/cache/daemon,pid=33,idleTimeout=10800000,daemonOpts=-XX:+HeapDumpOnOutOfMemoryError,-Xmx1024m,-Dfile.encoding=UTF-8,-Duser.country,-Duser.language=en,-Duser.variant]
02:47:21.288 [DEBUG] [org.gradle.launcher.daemon.registry.PersistentDaemonRegistry] Storing daemon address: [3e0e37f0-84f7-46cb-8e72-522fcbc99523 port:41361, addresses:[/127.0.0.1]], context: DefaultDaemonContext[uid=a1441bf8-35f9-4c26-a339-7998a2445b27,javaHome=/opt/jdk1.8.0_172,daemonRegistryDir=/eureka-server/cache/daemon,pid=33,idleTimeout=10800000,daemonOpts=-XX:+HeapDumpOnOutOfMemoryError,-Xmx1024m,-Dfile.encoding=UTF-8,-Duser.country,-Duser.language=en,-Duser.variant]
02:47:21.318 [DEBUG] [org.gradle.cache.internal.DefaultFileLockManager] Waiting to acquire exclusive lock on daemon addresses registry.
02:47:21.328 [DEBUG] [org.gradle.cache.internal.DefaultFileLockManager] Lock acquired on daemon addresses registry.
02:47:21.386 [DEBUG] [org.gradle.cache.internal.DefaultFileLockManager] Releasing lock on daemon addresses registry.
02:47:21.393 [LIFECYCLE] [org.gradle.launcher.daemon.server.Daemon] Daemon server started.
02:47:21.405 [DEBUG] [org.gradle.launcher.daemon.bootstrap.DaemonStartupCommunication] Completed writing the daemon greeting. Closing streams...
02:47:21.422 [DEBUG] [org.gradle.launcher.daemon.server.Daemon] stopOnExpiration() called on daemon
02:47:21.427 [DEBUG] [org.gradle.internal.remote.internal.inet.TcpIncomingConnector] Accepted connection from /127.0.0.1:53862 to /127.0.0.1:41361.
02:47:21.434 [DEBUG] [org.gradle.launcher.daemon.server.Daemon] awaitExpiration() called on daemon
02:47:21.438 [DEBUG] [org.gradle.launcher.daemon.server.DaemonStateCoordinator] daemon is running. Sleeping until state changes.
02:47:21.682 [DEBUG] [org.gradle.launcher.daemon.server.SynchronizedDispatchConnection] thread 15: received class org.gradle.launcher.daemon.protocol.Build
02:47:21.689 [DEBUG] [org.gradle.launcher.daemon.server.DefaultDaemonConnection] thread 15: Received non-IO message from client: Build{id=6362d17b-8bb8-49fa-a145-bdf7b3cc6208.1, currentDir=/eureka-server}
02:47:21.692 [INFO] [org.gradle.launcher.daemon.server.DefaultIncomingConnectionHandler] Received command: Build{id=6362d17b-8bb8-49fa-a145-bdf7b3cc6208.1, currentDir=/eureka-server}.
02:47:21.695 [DEBUG] [org.gradle.launcher.daemon.server.DefaultIncomingConnectionHandler] Starting executing command: Build{id=6362d17b-8bb8-49fa-a145-bdf7b3cc6208.1, currentDir=/eureka-server} with connection: socket connection from /127.0.0.1:41361 to /127.0.0.1:53862.
02:47:21.704 [ERROR] [org.gradle.launcher.daemon.server.DaemonStateCoordinator] Command execution: started DaemonCommandExecution[command = Build{id=6362d17b-8bb8-49fa-a145-bdf7b3cc6208.1, currentDir=/eureka-server}, connection = DefaultDaemonConnection: socket connection from /127.0.0.1:41361 to /127.0.0.1:53862] after 0.0 minutes of idle
02:47:21.708 [INFO] [org.gradle.launcher.daemon.server.DaemonRegistryUpdater] Marking the daemon as busy, address: [3e0e37f0-84f7-46cb-8e72-522fcbc99523 port:41361, addresses:[/127.0.0.1]]
02:47:21.710 [DEBUG] [org.gradle.launcher.daemon.registry.PersistentDaemonRegistry] Marking busy by address: [3e0e37f0-84f7-46cb-8e72-522fcbc99523 port:41361, addresses:[/127.0.0.1]]
02:47:21.718 [DEBUG] [org.gradle.cache.internal.DefaultFileLockManager] Waiting to acquire exclusive lock on daemon addresses registry.
02:47:21.722 [DEBUG] [org.gradle.cache.internal.DefaultFileLockManager] Lock acquired on daemon addresses registry.
02:47:21.772 [DEBUG] [org.gradle.cache.internal.DefaultFileLockManager] Releasing lock on daemon addresses registry.
02:47:21.783 [DEBUG] [org.gradle.launcher.daemon.server.DaemonStateCoordinator] resetting idle timer
02:47:21.790 [DEBUG] [org.gradle.launcher.daemon.server.DaemonStateCoordinator] daemon is running. Sleeping until state changes.
02:47:21.794 [INFO] [org.gradle.launcher.daemon.server.exec.StartBuildOrRespondWithBusy] Daemon is about to start building Build{id=6362d17b-8bb8-49fa-a145-bdf7b3cc6208.1, currentDir=/eureka-server}. Dispatching build started information...
02:47:21.805 [DEBUG] [org.gradle.launcher.daemon.server.SynchronizedDispatchConnection] thread 17: dispatching class org.gradle.launcher.daemon.protocol.BuildStarted
02:47:21.850 [DEBUG] [org.gradle.launcher.daemon.server.exec.EstablishBuildEnvironment] Configuring env variables: {PATH=/usr/local/sbin:/usr/local/bin:/usr/sbin:/usr/bin:/sbin:/bin:/opt/jdk/bin, JAVA_JCE=unlimited, SPRING_PROFILES_ACTIVE=dev, JAVA_HOME=/opt/jdk, OLDPWD=/eureka-server, GLIBC_VERSION=2.27-r0, LANG=C.UTF-8, JAVA_VERSION_MAJOR=8, GRADLE_USER_HOME=cache, HOSTNAME=5e42e5602d81, GLIBC_REPO=https://github.com/sgerrand/alpine-pkg-glibc, JAVA_VERSION_MINOR=172, PWD=/eureka-server, JAVA_PACKAGE=jdk, JAVA_VERSION_BUILD=11, HOME=/root, SHLVL=1}
02:47:21.869 [DEBUG] [org.gradle.launcher.daemon.server.SynchronizedDispatchConnection] thread 15: received class org.gradle.launcher.daemon.protocol.CloseInput
02:47:21.873 [DEBUG] [org.gradle.launcher.daemon.server.DefaultDaemonConnection] thread 15: Received IO message from client: org.gradle.launcher.daemon.protocol.CloseInput@633af5f2
02:47:21.888 [DEBUG] [org.gradle.launcher.daemon.server.exec.LogToClient] About to start relaying all logs to the client via the connection.
02:47:21.892 [INFO] [org.gradle.launcher.daemon.server.exec.LogToClient] The client will now receive all logging from the daemon (pid: 33). The daemon log file: /eureka-server/cache/daemon/4.5.1/daemon-33.out.log
02:47:21.902 [INFO] [org.gradle.launcher.daemon.server.exec.LogAndCheckHealth] Starting build in new daemon [memory: 954.7 MB]
02:47:21.919 [INFO] [org.gradle.launcher.daemon.server.exec.ForwardClientInput] Closing daemon's stdin at end of input.
02:47:21.928 [INFO] [org.gradle.launcher.daemon.server.exec.ForwardClientInput] The daemon will no longer process any standard input.
02:47:21.925 [DEBUG] [org.gradle.launcher.daemon.server.exec.ExecuteBuild] The daemon has started executing the build.
02:47:21.949 [DEBUG] [org.gradle.launcher.daemon.server.exec.ExecuteBuild] Executing build with daemon context: DefaultDaemonContext[uid=a1441bf8-35f9-4c26-a339-7998a2445b27,javaHome=/opt/jdk1.8.0_172,daemonRegistryDir=/eureka-server/cache/daemon,pid=33,idleTimeout=10800000,daemonOpts=-XX:+HeapDumpOnOutOfMemoryError,-Xmx1024m,-Dfile.encoding=UTF-8,-Duser.country,-Duser.language=en,-Duser.variant]
:compileJava
:processResources UP-TO-DATE
:classes
:bootRun
2018-06-13 02:47:56.755  INFO 78 --- [           main] s.c.a.AnnotationConfigApplicationContext : Refreshing org.springframework.context.annotation.AnnotationConfigApplicationContext@41fbdac4: startup date [Wed Jun 13 02:47:56 GMT 2018]; root of context hierarchy
2018-06-13 02:47:58.020  INFO 78 --- [           main] f.a.AutowiredAnnotationBeanPostProcessor : JSR-330 'javax.inject.Inject' annotation found and supported for autowiring
2018-06-13 02:47:58.360  INFO 78 --- [           main] trationDelegate$BeanPostProcessorChecker : Bean 'configurationPropertiesRebinderAutoConfiguration' of type [org.springframework.cloud.autoconfigure.ConfigurationPropertiesRebinderAutoConfiguration$$EnhancerBySpringCGLIB$$12fab546] is not eligible for getting processed by all BeanPostProcessors (for example: not eligible for auto-proxying)

  .   ____          _            __ _ _
 /\\ / ___'_ __ _ _(_)_ __  __ _ \ \ \ \
( ( )\___ | '_ | '_| | '_ \/ _` | \ \ \ \
 \\/  ___)| |_)| | | | | || (_| |  ) ) ) )
  '  |____| .__|_| |_|_| |_\__, | / / / /
 =========|_|==============|___/=/_/_/_/
 :: Spring Boot ::        (v1.5.8.RELEASE)

2018-06-13 02:48:00.243  INFO 78 --- [           main] c.e.e.EurekaServerApplication            : The following profiles are active: dev
2018-06-13 02:48:00.365  INFO 78 --- [           main] ationConfigEmbeddedWebApplicationContext : Refreshing org.springframework.boot.context.embedded.AnnotationConfigEmbeddedWebApplicationContext@ee86bcb: startup date [Wed Jun 13 02:48:00 GMT 2018]; parent: org.springframework.context.annotation.AnnotationConfigApplicationContext@41fbdac4
2018-06-13 02:48:04.326  INFO 78 --- [           main] o.s.cloud.context.scope.GenericScope     : BeanFactory id=3b95f871-394e-35b7-b783-d7f350294431
2018-06-13 02:48:04.401  INFO 78 --- [           main] f.a.AutowiredAnnotationBeanPostProcessor : JSR-330 'javax.inject.Inject' annotation found and supported for autowiring
2018-06-13 02:48:04.574  INFO 78 --- [           main] trationDelegate$BeanPostProcessorChecker : Bean 'org.springframework.cloud.netflix.metrics.MetricsInterceptorConfiguration$MetricsRestTemplateConfiguration' of type [org.springframework.cloud.netflix.metrics.MetricsInterceptorConfiguration$MetricsRestTemplateConfiguration$$EnhancerBySpringCGLIB$$290d588a] is not eligible for getting processed by all BeanPostProcessors (for example: not eligible for auto-proxying)
2018-06-13 02:48:04.591  INFO 78 --- [           main] trationDelegate$BeanPostProcessorChecker : Bean 'org.springframework.cloud.autoconfigure.ConfigurationPropertiesRebinderAutoConfiguration' of type [org.springframework.cloud.autoconfigure.ConfigurationPropertiesRebinderAutoConfiguration$$EnhancerBySpringCGLIB$$12fab546] is not eligible for getting processed by all BeanPostProcessors (for example: not eligible for auto-proxying)
2018-06-13 02:48:05.507  INFO 78 --- [           main] s.b.c.e.t.TomcatEmbeddedServletContainer : Tomcat initialized with port(s): 8761 (http)
2018-06-13 02:48:05.531  INFO 78 --- [           main] o.apache.catalina.core.StandardService   : Starting service [Tomcat]
2018-06-13 02:48:05.533  INFO 78 --- [           main] org.apache.catalina.core.StandardEngine  : Starting Servlet Engine: Apache Tomcat/8.5.23
2018-06-13 02:48:06.661  INFO 78 --- [ost-startStop-1] o.a.c.c.C.[Tomcat].[localhost].[/]       : Initializing Spring embedded WebApplicationContext
2018-06-13 02:48:06.661  INFO 78 --- [ost-startStop-1] o.s.web.context.ContextLoader            : Root WebApplicationContext: initialization completed in 6296 ms
2018-06-13 02:48:08.323  INFO 78 --- [ost-startStop-1] o.s.b.w.servlet.FilterRegistrationBean   : Mapping filter: 'metricsFilter' to: [/*]
2018-06-13 02:48:08.324  INFO 78 --- [ost-startStop-1] o.s.b.w.servlet.FilterRegistrationBean   : Mapping filter: 'characterEncodingFilter' to: [/*]
2018-06-13 02:48:08.324  INFO 78 --- [ost-startStop-1] o.s.b.w.servlet.FilterRegistrationBean   : Mapping filter: 'hiddenHttpMethodFilter' to: [/*]
2018-06-13 02:48:08.324  INFO 78 --- [ost-startStop-1] o.s.b.w.servlet.FilterRegistrationBean   : Mapping filter: 'httpPutFormContentFilter' to: [/*]
2018-06-13 02:48:08.325  INFO 78 --- [ost-startStop-1] o.s.b.w.servlet.FilterRegistrationBean   : Mapping filter: 'requestContextFilter' to: [/*]
2018-06-13 02:48:08.325  INFO 78 --- [ost-startStop-1] o.s.b.w.servlet.FilterRegistrationBean   : Mapping filter: 'webRequestTraceFilter' to: [/*]
2018-06-13 02:48:08.325  INFO 78 --- [ost-startStop-1] o.s.b.w.servlet.FilterRegistrationBean   : Mapping filter: 'servletContainer' to urls: [/eureka/*]
2018-06-13 02:48:08.326  INFO 78 --- [ost-startStop-1] o.s.b.w.servlet.FilterRegistrationBean   : Mapping filter: 'applicationContextIdFilter' to: [/*]
2018-06-13 02:48:08.326  INFO 78 --- [ost-startStop-1] o.s.b.w.servlet.ServletRegistrationBean  : Mapping servlet: 'dispatcherServlet' to [/]
2018-06-13 02:48:08.782  INFO 78 --- [ost-startStop-1] c.s.j.s.i.a.WebApplicationImpl           : Initiating Jersey application, version 'Jersey: 1.19.1 03/11/2016 02:08 PM'
2018-06-13 02:48:09.125  INFO 78 --- [ost-startStop-1] c.n.d.provider.DiscoveryJerseyProvider   : Using JSON encoding codec LegacyJacksonJson
2018-06-13 02:48:09.131  INFO 78 --- [ost-startStop-1] c.n.d.provider.DiscoveryJerseyProvider   : Using JSON decoding codec LegacyJacksonJson
2018-06-13 02:48:09.481  INFO 78 --- [ost-startStop-1] c.n.d.provider.DiscoveryJerseyProvider   : Using XML encoding codec XStreamXml
2018-06-13 02:48:09.481  INFO 78 --- [ost-startStop-1] c.n.d.provider.DiscoveryJerseyProvider   : Using XML decoding codec XStreamXml
2018-06-13 02:48:10.892  WARN 78 --- [           main] o.s.c.n.a.ArchaiusAutoConfiguration      : No spring.application.name found, defaulting to 'application'
2018-06-13 02:48:10.920  WARN 78 --- [           main] c.n.c.sources.URLConfigurationSource     : No URLs will be polled as dynamic configuration sources.
2018-06-13 02:48:10.921  INFO 78 --- [           main] c.n.c.sources.URLConfigurationSource     : To enable URLs as dynamic configuration sources, define System property archaius.configurationSource.additionalUrls or make config.properties available on classpath.
2018-06-13 02:48:10.953  WARN 78 --- [           main] c.n.c.sources.URLConfigurationSource     : No URLs will be polled as dynamic configuration sources.
2018-06-13 02:48:10.953  INFO 78 --- [           main] c.n.c.sources.URLConfigurationSource     : To enable URLs as dynamic configuration sources, define System property archaius.configurationSource.additionalUrls or make config.properties available on classpath.
2018-06-13 02:48:11.770  INFO 78 --- [           main] s.w.s.m.m.a.RequestMappingHandlerAdapter : Looking for @ControllerAdvice: org.springframework.boot.context.embedded.AnnotationConfigEmbeddedWebApplicationContext@ee86bcb: startup date [Wed Jun 13 02:48:00 GMT 2018]; parent: org.springframework.context.annotation.AnnotationConfigApplicationContext@41fbdac4
