01:35:24.144 [DEBUG] [org.gradle.launcher.daemon.bootstrap.DaemonMain] Assuming the daemon was started with following jvm opts: [-XX:+HeapDumpOnOutOfMemoryError, -Xmx1024m, -Dfile.encoding=UTF-8, -Duser.country, -Duser.language=en, -Duser.variant]
01:35:24.630 [INFO] [org.gradle.launcher.daemon.server.Daemon] start() called on daemon - DefaultDaemonContext[uid=9d8b3577-ee37-4cae-ac25-385f2c4a9d38,javaHome=/opt/jdk1.8.0_172,daemonRegistryDir=/comments-api/cache/daemon,pid=32,idleTimeout=10800000,daemonOpts=-XX:+HeapDumpOnOutOfMemoryError,-Xmx1024m,-Dfile.encoding=UTF-8,-Duser.country,-Duser.language=en,-Duser.variant]
01:35:24.684 [DEBUG] [org.gradle.internal.remote.internal.inet.InetAddresses] Adding IP addresses for network interface eth0
01:35:24.692 [DEBUG] [org.gradle.internal.remote.internal.inet.InetAddresses] Is this a loopback interface? false
01:35:24.694 [DEBUG] [org.gradle.internal.remote.internal.inet.InetAddresses] Is this a multicast interface? true
01:35:24.696 [DEBUG] [org.gradle.internal.remote.internal.inet.InetAddresses] Adding remote address /172.18.0.7
01:35:24.699 [DEBUG] [org.gradle.internal.remote.internal.inet.InetAddresses] Adding remote multicast interface eth0
01:35:24.702 [DEBUG] [org.gradle.internal.remote.internal.inet.InetAddresses] Adding IP addresses for network interface lo
01:35:24.707 [DEBUG] [org.gradle.internal.remote.internal.inet.InetAddresses] Is this a loopback interface? true
01:35:24.710 [DEBUG] [org.gradle.internal.remote.internal.inet.InetAddresses] Is this a multicast interface? false
01:35:24.712 [DEBUG] [org.gradle.internal.remote.internal.inet.InetAddresses] Adding loopback address /127.0.0.1
01:35:24.718 [DEBUG] [org.gradle.internal.remote.internal.inet.TcpIncomingConnector] Listening on [d284f92a-05e7-4931-83be-1c6922236087 port:33773, addresses:[/127.0.0.1]].
01:35:24.728 [DEBUG] [org.gradle.launcher.daemon.server.Daemon] Daemon starting at: Sun Jun 10 01:35:24 GMT 2018, with address: [d284f92a-05e7-4931-83be-1c6922236087 port:33773, addresses:[/127.0.0.1]]
01:35:24.737 [INFO] [org.gradle.launcher.daemon.server.DaemonRegistryUpdater] Advertising the daemon address to the clients: [d284f92a-05e7-4931-83be-1c6922236087 port:33773, addresses:[/127.0.0.1]]
01:35:24.745 [DEBUG] [org.gradle.launcher.daemon.server.DaemonRegistryUpdater] Advertised daemon context: DefaultDaemonContext[uid=9d8b3577-ee37-4cae-ac25-385f2c4a9d38,javaHome=/opt/jdk1.8.0_172,daemonRegistryDir=/comments-api/cache/daemon,pid=32,idleTimeout=10800000,daemonOpts=-XX:+HeapDumpOnOutOfMemoryError,-Xmx1024m,-Dfile.encoding=UTF-8,-Duser.country,-Duser.language=en,-Duser.variant]
01:35:24.749 [DEBUG] [org.gradle.launcher.daemon.registry.PersistentDaemonRegistry] Storing daemon address: [d284f92a-05e7-4931-83be-1c6922236087 port:33773, addresses:[/127.0.0.1]], context: DefaultDaemonContext[uid=9d8b3577-ee37-4cae-ac25-385f2c4a9d38,javaHome=/opt/jdk1.8.0_172,daemonRegistryDir=/comments-api/cache/daemon,pid=32,idleTimeout=10800000,daemonOpts=-XX:+HeapDumpOnOutOfMemoryError,-Xmx1024m,-Dfile.encoding=UTF-8,-Duser.country,-Duser.language=en,-Duser.variant]
01:35:24.772 [DEBUG] [org.gradle.cache.internal.DefaultFileLockManager] Waiting to acquire exclusive lock on daemon addresses registry.
01:35:24.781 [DEBUG] [org.gradle.cache.internal.DefaultFileLockManager] Lock acquired on daemon addresses registry.
01:35:24.799 [DEBUG] [org.gradle.cache.internal.DefaultFileLockManager] Releasing lock on daemon addresses registry.
01:35:24.803 [LIFECYCLE] [org.gradle.launcher.daemon.server.Daemon] Daemon server started.
01:35:24.808 [DEBUG] [org.gradle.launcher.daemon.bootstrap.DaemonStartupCommunication] Completed writing the daemon greeting. Closing streams...
01:35:24.834 [DEBUG] [org.gradle.launcher.daemon.server.Daemon] stopOnExpiration() called on daemon
01:35:24.837 [DEBUG] [org.gradle.launcher.daemon.server.Daemon] awaitExpiration() called on daemon
01:35:24.847 [DEBUG] [org.gradle.launcher.daemon.server.DaemonStateCoordinator] daemon is running. Sleeping until state changes.
01:35:24.862 [DEBUG] [org.gradle.internal.remote.internal.inet.TcpIncomingConnector] Accepted connection from /127.0.0.1:58734 to /127.0.0.1:33773.
01:35:25.412 [DEBUG] [org.gradle.launcher.daemon.server.SynchronizedDispatchConnection] thread 15: received class org.gradle.launcher.daemon.protocol.Build
01:35:25.430 [DEBUG] [org.gradle.launcher.daemon.server.DefaultDaemonConnection] thread 15: Received non-IO message from client: Build{id=c42e0991-296b-4062-b2ac-96e28134db0a.1, currentDir=/comments-api}
01:35:25.434 [INFO] [org.gradle.launcher.daemon.server.DefaultIncomingConnectionHandler] Received command: Build{id=c42e0991-296b-4062-b2ac-96e28134db0a.1, currentDir=/comments-api}.
01:35:25.451 [DEBUG] [org.gradle.launcher.daemon.server.DefaultIncomingConnectionHandler] Starting executing command: Build{id=c42e0991-296b-4062-b2ac-96e28134db0a.1, currentDir=/comments-api} with connection: socket connection from /127.0.0.1:33773 to /127.0.0.1:58734.
01:35:25.485 [ERROR] [org.gradle.launcher.daemon.server.DaemonStateCoordinator] Command execution: started DaemonCommandExecution[command = Build{id=c42e0991-296b-4062-b2ac-96e28134db0a.1, currentDir=/comments-api}, connection = DefaultDaemonConnection: socket connection from /127.0.0.1:33773 to /127.0.0.1:58734] after 0.0 minutes of idle
01:35:25.494 [INFO] [org.gradle.launcher.daemon.server.DaemonRegistryUpdater] Marking the daemon as busy, address: [d284f92a-05e7-4931-83be-1c6922236087 port:33773, addresses:[/127.0.0.1]]
01:35:25.505 [DEBUG] [org.gradle.launcher.daemon.registry.PersistentDaemonRegistry] Marking busy by address: [d284f92a-05e7-4931-83be-1c6922236087 port:33773, addresses:[/127.0.0.1]]
01:35:25.516 [DEBUG] [org.gradle.cache.internal.DefaultFileLockManager] Waiting to acquire exclusive lock on daemon addresses registry.
01:35:25.521 [DEBUG] [org.gradle.cache.internal.DefaultFileLockManager] Lock acquired on daemon addresses registry.
01:35:25.534 [DEBUG] [org.gradle.cache.internal.DefaultFileLockManager] Releasing lock on daemon addresses registry.
01:35:25.538 [DEBUG] [org.gradle.launcher.daemon.server.DaemonStateCoordinator] resetting idle timer
01:35:25.545 [INFO] [org.gradle.launcher.daemon.server.exec.StartBuildOrRespondWithBusy] Daemon is about to start building Build{id=c42e0991-296b-4062-b2ac-96e28134db0a.1, currentDir=/comments-api}. Dispatching build started information...
01:35:25.549 [DEBUG] [org.gradle.launcher.daemon.server.SynchronizedDispatchConnection] thread 17: dispatching class org.gradle.launcher.daemon.protocol.BuildStarted
01:35:25.554 [DEBUG] [org.gradle.launcher.daemon.server.DaemonStateCoordinator] daemon is running. Sleeping until state changes.
01:35:25.579 [DEBUG] [org.gradle.launcher.daemon.server.exec.EstablishBuildEnvironment] Configuring env variables: {PATH=/usr/local/sbin:/usr/local/bin:/usr/sbin:/usr/bin:/sbin:/bin:/opt/jdk/bin, JAVA_JCE=unlimited, SPRING_PROFILES_ACTIVE=dev, JAVA_HOME=/opt/jdk, OLDPWD=/comments-api, GLIBC_VERSION=2.27-r0, LANG=C.UTF-8, JAVA_VERSION_MAJOR=8, GRADLE_USER_HOME=cache, HOSTNAME=aa498f34d2b8, GLIBC_REPO=https://github.com/sgerrand/alpine-pkg-glibc, JAVA_VERSION_MINOR=172, PWD=/comments-api, JAVA_PACKAGE=jdk, JAVA_VERSION_BUILD=11, HOME=/root, SHLVL=1}
01:35:25.621 [DEBUG] [org.gradle.launcher.daemon.server.SynchronizedDispatchConnection] thread 15: received class org.gradle.launcher.daemon.protocol.CloseInput
01:35:25.634 [DEBUG] [org.gradle.launcher.daemon.server.DefaultDaemonConnection] thread 15: Received IO message from client: org.gradle.launcher.daemon.protocol.CloseInput@420ecfd7
01:35:25.670 [DEBUG] [org.gradle.launcher.daemon.server.exec.LogToClient] About to start relaying all logs to the client via the connection.
01:35:25.680 [INFO] [org.gradle.launcher.daemon.server.exec.LogToClient] The client will now receive all logging from the daemon (pid: 32). The daemon log file: /comments-api/cache/daemon/4.5.1/daemon-32.out.log
01:35:25.687 [INFO] [org.gradle.launcher.daemon.server.exec.LogAndCheckHealth] Starting build in new daemon [memory: 954.7 MB]
01:35:25.713 [INFO] [org.gradle.launcher.daemon.server.exec.ForwardClientInput] Closing daemon's stdin at end of input.
01:35:25.716 [INFO] [org.gradle.launcher.daemon.server.exec.ForwardClientInput] The daemon will no longer process any standard input.
01:35:25.727 [DEBUG] [org.gradle.launcher.daemon.server.exec.ExecuteBuild] The daemon has started executing the build.
01:35:25.749 [DEBUG] [org.gradle.launcher.daemon.server.exec.ExecuteBuild] Executing build with daemon context: DefaultDaemonContext[uid=9d8b3577-ee37-4cae-ac25-385f2c4a9d38,javaHome=/opt/jdk1.8.0_172,daemonRegistryDir=/comments-api/cache/daemon,pid=32,idleTimeout=10800000,daemonOpts=-XX:+HeapDumpOnOutOfMemoryError,-Xmx1024m,-Dfile.encoding=UTF-8,-Duser.country,-Duser.language=en,-Duser.variant]
:compileJava
Download https://repo.maven.apache.org/maven2/com/graphql-java/graphql-java-tools/5.1.0/graphql-java-tools-5.1.0.pom
Download https://repo.maven.apache.org/maven2/com/fasterxml/jackson/module/jackson-module-kotlin/2.8.10/jackson-module-kotlin-2.8.10.pom
Download https://repo.maven.apache.org/maven2/org/jetbrains/kotlin/kotlin-stdlib/1.2.21/kotlin-stdlib-1.2.21.pom
Download https://repo.maven.apache.org/maven2/com/graphql-java/graphql-java/8.0/graphql-java-8.0.pom
Download https://repo.maven.apache.org/maven2/com/fasterxml/jackson/datatype/jackson-datatype-jdk8/2.8.10/jackson-datatype-jdk8-2.8.10.pom
Download https://repo.maven.apache.org/maven2/com/esotericsoftware/reflectasm/1.11.3/reflectasm-1.11.3.pom
Download https://repo.maven.apache.org/maven2/org/apache/commons/commons-lang3/3.7/commons-lang3-3.7.pom
Download https://repo.maven.apache.org/maven2/com/fasterxml/jackson/module/jackson-modules-java8/2.8.10/jackson-modules-java8-2.8.10.pom
Download https://repo.maven.apache.org/maven2/org/jetbrains/annotations/13.0/annotations-13.0.pom
Download https://repo.maven.apache.org/maven2/org/reactivestreams/reactive-streams/1.0.2/reactive-streams-1.0.2.pom
Download https://repo.maven.apache.org/maven2/org/antlr/antlr4-runtime/4.7.1/antlr4-runtime-4.7.1.pom
Download https://repo.maven.apache.org/maven2/com/graphql-java/java-dataloader/2.0.2/java-dataloader-2.0.2.pom
Download https://repo.maven.apache.org/maven2/org/antlr/antlr4-master/4.7.1/antlr4-master-4.7.1.pom
Download https://repo.maven.apache.org/maven2/org/jetbrains/kotlin/kotlin-reflect/1.2.21/kotlin-reflect-1.2.21.pom
Download https://repo.maven.apache.org/maven2/org/ow2/asm/asm/5.0.4/asm-5.0.4.pom
Download https://repo.maven.apache.org/maven2/org/ow2/asm/asm-parent/5.0.4/asm-parent-5.0.4.pom
Download https://repo.maven.apache.org/maven2/org/ow2/ow2/1.3/ow2-1.3.pom
Download https://repo.maven.apache.org/maven2/com/fasterxml/jackson/datatype/jackson-datatype-jdk8/2.8.10/jackson-datatype-jdk8-2.8.10.jar
Download https://repo.maven.apache.org/maven2/com/fasterxml/jackson/module/jackson-module-kotlin/2.8.10/jackson-module-kotlin-2.8.10.jar
Download https://repo.maven.apache.org/maven2/org/jetbrains/kotlin/kotlin-reflect/1.2.21/kotlin-reflect-1.2.21.jar
Download https://repo.maven.apache.org/maven2/org/jetbrains/kotlin/kotlin-stdlib/1.2.21/kotlin-stdlib-1.2.21.jar
Download https://repo.maven.apache.org/maven2/com/graphql-java/graphql-java/8.0/graphql-java-8.0.jar
Download https://repo.maven.apache.org/maven2/com/esotericsoftware/reflectasm/1.11.3/reflectasm-1.11.3.jar
Download https://repo.maven.apache.org/maven2/org/apache/commons/commons-lang3/3.7/commons-lang3-3.7.jar
Download https://repo.maven.apache.org/maven2/org/jetbrains/annotations/13.0/annotations-13.0.jar
Download https://repo.maven.apache.org/maven2/org/antlr/antlr4-runtime/4.7.1/antlr4-runtime-4.7.1.jar
Download https://repo.maven.apache.org/maven2/com/graphql-java/java-dataloader/2.0.2/java-dataloader-2.0.2.jar
Download https://repo.maven.apache.org/maven2/org/reactivestreams/reactive-streams/1.0.2/reactive-streams-1.0.2.jar
Download https://repo.maven.apache.org/maven2/org/ow2/asm/asm/5.0.4/asm-5.0.4.jar
Download https://repo.maven.apache.org/maven2/com/graphql-java/graphql-java-tools/5.1.0/graphql-java-tools-5.1.0.jar
:processResources UP-TO-DATE
:classes
:bootRun
2018-06-10 01:42:14.456  INFO 77 --- [           main] s.c.a.AnnotationConfigApplicationContext : Refreshing org.springframework.context.annotation.AnnotationConfigApplicationContext@55b7a4e0: startup date [Sun Jun 10 01:42:14 GMT 2018]; root of context hierarchy
2018-06-10 01:42:16.944  INFO 77 --- [           main] f.a.AutowiredAnnotationBeanPostProcessor : JSR-330 'javax.inject.Inject' annotation found and supported for autowiring
2018-06-10 01:42:17.710  INFO 77 --- [           main] trationDelegate$BeanPostProcessorChecker : Bean 'configurationPropertiesRebinderAutoConfiguration' of type [org.springframework.cloud.autoconfigure.ConfigurationPropertiesRebinderAutoConfiguration$$EnhancerBySpringCGLIB$$b6f4a445] is not eligible for getting processed by all BeanPostProcessors (for example: not eligible for auto-proxying)

  .   ____          _            __ _ _
 /\\ / ___'_ __ _ _(_)_ __  __ _ \ \ \ \
( ( )\___ | '_ | '_| | '_ \/ _` | \ \ \ \
 \\/  ___)| |_)| | | | | || (_| |  ) ) ) )
  '  |____| .__|_| |_|_| |_\__, | / / / /
 =========|_|==============|___/=/_/_/_/
[32m :: Spring Boot :: [39m      [2m (v1.5.8.RELEASE)[0;39m

[2m2018-06-10 01:42:20.432[0;39m [32m INFO[0;39m [35m77[0;39m [2m---[0;39m [2m[           main][0;39m [36mcom.example.commentsapi.CommentsApi     [0;39m [2m:[0;39m The following profiles are active: dev
[2m2018-06-10 01:42:20.588[0;39m [32m INFO[0;39m [35m77[0;39m [2m---[0;39m [2m[           main][0;39m [36mationConfigEmbeddedWebApplicationContext[0;39m [2m:[0;39m Refreshing org.springframework.boot.context.embedded.AnnotationConfigEmbeddedWebApplicationContext@dbd8e44: startup date [Sun Jun 10 01:42:20 GMT 2018]; parent: org.springframework.context.annotation.AnnotationConfigApplicationContext@55b7a4e0
[2m2018-06-10 01:46:48.511[0;39m [32m INFO[0;39m [35m77[0;39m [2m---[0;39m [2m[           main][0;39m [36mo.s.cloud.context.scope.GenericScope    [0;39m [2m:[0;39m BeanFactory id=5322282e-1e3f-3665-ab07-62142ffac037
[2m2018-06-10 01:46:48.789[0;39m [32m INFO[0;39m [35m77[0;39m [2m---[0;39m [2m[           main][0;39m [36mf.a.AutowiredAnnotationBeanPostProcessor[0;39m [2m:[0;39m JSR-330 'javax.inject.Inject' annotation found and supported for autowiring
[2m2018-06-10 01:46:49.605[0;39m [32m INFO[0;39m [35m77[0;39m [2m---[0;39m [2m[           main][0;39m [36mtrationDelegate$BeanPostProcessorChecker[0;39m [2m:[0;39m Bean 'org.springframework.transaction.annotation.ProxyTransactionManagementConfiguration' of type [org.springframework.transaction.annotation.ProxyTransactionManagementConfiguration$$EnhancerBySpringCGLIB$$9adaa148] is not eligible for getting processed by all BeanPostProcessors (for example: not eligible for auto-proxying)
[2m2018-06-10 01:46:49.925[0;39m [32m INFO[0;39m [35m77[0;39m [2m---[0;39m [2m[           main][0;39m [36mtrationDelegate$BeanPostProcessorChecker[0;39m [2m:[0;39m Bean 'org.springframework.cloud.autoconfigure.ConfigurationPropertiesRebinderAutoConfiguration' of type [org.springframework.cloud.autoconfigure.ConfigurationPropertiesRebinderAutoConfiguration$$EnhancerBySpringCGLIB$$b6f4a445] is not eligible for getting processed by all BeanPostProcessors (for example: not eligible for auto-proxying)
[2m2018-06-10 01:46:51.684[0;39m [32m INFO[0;39m [35m77[0;39m [2m---[0;39m [2m[           main][0;39m [36ms.b.c.e.t.TomcatEmbeddedServletContainer[0;39m [2m:[0;39m Tomcat initialized with port(s): 8082 (http)
[2m2018-06-10 01:46:51.787[0;39m [32m INFO[0;39m [35m77[0;39m [2m---[0;39m [2m[           main][0;39m [36mo.apache.catalina.core.StandardService  [0;39m [2m:[0;39m Starting service [Tomcat]
[2m2018-06-10 01:46:51.792[0;39m [32m INFO[0;39m [35m77[0;39m [2m---[0;39m [2m[           main][0;39m [36morg.apache.catalina.core.StandardEngine [0;39m [2m:[0;39m Starting Servlet Engine: Apache Tomcat/8.5.23
[2m2018-06-10 01:46:53.692[0;39m [32m INFO[0;39m [35m77[0;39m [2m---[0;39m [2m[ost-startStop-1][0;39m [36mo.a.c.c.C.[Tomcat].[localhost].[/]      [0;39m [2m:[0;39m Initializing Spring embedded WebApplicationContext
[2m2018-06-10 01:46:53.693[0;39m [32m INFO[0;39m [35m77[0;39m [2m---[0;39m [2m[ost-startStop-1][0;39m [36mo.s.web.context.ContextLoader           [0;39m [2m:[0;39m Root WebApplicationContext: initialization completed in 273105 ms
[2m2018-06-10 01:46:54.800[0;39m [31mERROR[0;39m [35m77[0;39m [2m---[0;39m [2m[ost-startStop-1][0;39m [36mo.s.b.c.embedded.tomcat.TomcatStarter   [0;39m [2m:[0;39m Error starting Tomcat context. Exception: org.springframework.beans.factory.BeanCreationException. Message: Error creating bean with name 'httpPutFormContentFilter' defined in class path resource [org/springframework/boot/autoconfigure/web/WebMvcAutoConfiguration.class]: Bean instantiation via factory method failed; nested exception is org.springframework.beans.BeanInstantiationException: Failed to instantiate [org.springframework.boot.web.filter.OrderedHttpPutFormContentFilter]: Factory method 'httpPutFormContentFilter' threw exception; nested exception is java.lang.NoClassDefFoundError: kotlin/reflect/KotlinReflectionInternalError
[2m2018-06-10 01:46:54.995[0;39m [33m WARN[0;39m [35m77[0;39m [2m---[0;39m [2m[           main][0;39m [36mationConfigEmbeddedWebApplicationContext[0;39m [2m:[0;39m Exception encountered during context initialization - cancelling refresh attempt: org.springframework.context.ApplicationContextException: Unable to start embedded container; nested exception is org.springframework.boot.context.embedded.EmbeddedServletContainerException: Unable to start embedded Tomcat
[2m2018-06-10 01:46:55.036[0;39m [32m INFO[0;39m [35m77[0;39m [2m---[0;39m [2m[           main][0;39m [36mutoConfigurationReportLoggingInitializer[0;39m [2m:[0;39m 

Error starting ApplicationContext. To display the auto-configuration report re-run your application with 'debug' enabled.
[2m2018-06-10 01:46:55.159[0;39m [31mERROR[0;39m [35m77[0;39m [2m---[0;39m [2m[           main][0;39m [36mo.s.boot.SpringApplication              [0;39m [2m:[0;39m Application startup failed

org.springframework.context.ApplicationContextException: Unable to start embedded container; nested exception is org.springframework.boot.context.embedded.EmbeddedServletContainerException: Unable to start embedded Tomcat
	at org.springframework.boot.context.embedded.EmbeddedWebApplicationContext.onRefresh(EmbeddedWebApplicationContext.java:137) ~[spring-boot-1.5.8.RELEASE.jar:1.5.8.RELEASE]
	at org.springframework.context.support.AbstractApplicationContext.refresh(AbstractApplicationContext.java:537) ~[spring-context-4.3.12.RELEASE.jar:4.3.12.RELEASE]
	at org.springframework.boot.context.embedded.EmbeddedWebApplicationContext.refresh(EmbeddedWebApplicationContext.java:122) ~[spring-boot-1.5.8.RELEASE.jar:1.5.8.RELEASE]
	at org.springframework.boot.SpringApplication.refresh(SpringApplication.java:693) [spring-boot-1.5.8.RELEASE.jar:1.5.8.RELEASE]
	at org.springframework.boot.SpringApplication.refreshContext(SpringApplication.java:360) [spring-boot-1.5.8.RELEASE.jar:1.5.8.RELEASE]
	at org.springframework.boot.SpringApplication.run(SpringApplication.java:303) [spring-boot-1.5.8.RELEASE.jar:1.5.8.RELEASE]
	at org.springframework.boot.SpringApplication.run(SpringApplication.java:1118) [spring-boot-1.5.8.RELEASE.jar:1.5.8.RELEASE]
	at org.springframework.boot.SpringApplication.run(SpringApplication.java:1107) [spring-boot-1.5.8.RELEASE.jar:1.5.8.RELEASE]
	at com.example.commentsapi.CommentsApi.main(CommentsApi.java:12) [main/:na]
Caused by: org.springframework.boot.context.embedded.EmbeddedServletContainerException: Unable to start embedded Tomcat
	at org.springframework.boot.context.embedded.tomcat.TomcatEmbeddedServletContainer.initialize(TomcatEmbeddedServletContainer.java:123) ~[spring-boot-1.5.8.RELEASE.jar:1.5.8.RELEASE]
	at org.springframework.boot.context.embedded.tomcat.TomcatEmbeddedServletContainer.<init>(TomcatEmbeddedServletContainer.java:84) ~[spring-boot-1.5.8.RELEASE.jar:1.5.8.RELEASE]
	at org.springframework.boot.context.embedded.tomcat.TomcatEmbeddedServletContainerFactory.getTomcatEmbeddedServletContainer(TomcatEmbeddedServletContainerFactory.java:554) ~[spring-boot-1.5.8.RELEASE.jar:1.5.8.RELEASE]
	at org.springframework.boot.context.embedded.tomcat.TomcatEmbeddedServletContainerFactory.getEmbeddedServletContainer(TomcatEmbeddedServletContainerFactory.java:179) ~[spring-boot-1.5.8.RELEASE.jar:1.5.8.RELEASE]
	at org.springframework.boot.context.embedded.EmbeddedWebApplicationContext.createEmbeddedServletContainer(EmbeddedWebApplicationContext.java:164) ~[spring-boot-1.5.8.RELEASE.jar:1.5.8.RELEASE]
	at org.springframework.boot.context.embedded.EmbeddedWebApplicationContext.onRefresh(EmbeddedWebApplicationContext.java:134) ~[spring-boot-1.5.8.RELEASE.jar:1.5.8.RELEASE]
	... 8 common frames omitted
Caused by: org.springframework.beans.factory.BeanCreationException: Error creating bean with name 'httpPutFormContentFilter' defined in class path resource [org/springframework/boot/autoconfigure/web/WebMvcAutoConfiguration.class]: Bean instantiation via factory method failed; nested exception is org.springframework.beans.BeanInstantiationException: Failed to instantiate [org.springframework.boot.web.filter.OrderedHttpPutFormContentFilter]: Factory method 'httpPutFormContentFilter' threw exception; nested exception is java.lang.NoClassDefFoundError: kotlin/reflect/KotlinReflectionInternalError
	at org.springframework.beans.factory.support.ConstructorResolver.instantiateUsingFactoryMethod(ConstructorResolver.java:599) ~[spring-beans-4.3.12.RELEASE.jar:4.3.12.RELEASE]
	at org.springframework.beans.factory.support.AbstractAutowireCapableBeanFactory.instantiateUsingFactoryMethod(AbstractAutowireCapableBeanFactory.java:1173) ~[spring-beans-4.3.12.RELEASE.jar:4.3.12.RELEASE]
	at org.springframework.beans.factory.support.AbstractAutowireCapableBeanFactory.createBeanInstance(AbstractAutowireCapableBeanFactory.java:1067) ~[spring-beans-4.3.12.RELEASE.jar:4.3.12.RELEASE]
	at org.springframework.beans.factory.support.AbstractAutowireCapableBeanFactory.doCreateBean(AbstractAutowireCapableBeanFactory.java:513) ~[spring-beans-4.3.12.RELEASE.jar:4.3.12.RELEASE]
	at org.springframework.beans.factory.support.AbstractAutowireCapableBeanFactory.createBean(AbstractAutowireCapableBeanFactory.java:483) ~[spring-beans-4.3.12.RELEASE.jar:4.3.12.RELEASE]
	at org.springframework.beans.factory.support.AbstractBeanFactory$1.getObject(AbstractBeanFactory.java:306) ~[spring-beans-4.3.12.RELEASE.jar:4.3.12.RELEASE]
	at org.springframework.beans.factory.support.DefaultSingletonBeanRegistry.getSingleton(DefaultSingletonBeanRegistry.java:230) ~[spring-beans-4.3.12.RELEASE.jar:4.3.12.RELEASE]
	at org.springframework.beans.factory.support.AbstractBeanFactory.doGetBean(AbstractBeanFactory.java:302) ~[spring-beans-4.3.12.RELEASE.jar:4.3.12.RELEASE]
	at org.springframework.beans.factory.support.AbstractBeanFactory.getBean(AbstractBeanFactory.java:202) ~[spring-beans-4.3.12.RELEASE.jar:4.3.12.RELEASE]
	at org.springframework.boot.web.servlet.ServletContextInitializerBeans.getOrderedBeansOfType(ServletContextInitializerBeans.java:234) ~[spring-boot-1.5.8.RELEASE.jar:1.5.8.RELEASE]
	at org.springframework.boot.web.servlet.ServletContextInitializerBeans.addAsRegistrationBean(ServletContextInitializerBeans.java:182) ~[spring-boot-1.5.8.RELEASE.jar:1.5.8.RELEASE]
	at org.springframework.boot.web.servlet.ServletContextInitializerBeans.addAsRegistrationBean(ServletContextInitializerBeans.java:177) ~[spring-boot-1.5.8.RELEASE.jar:1.5.8.RELEASE]
	at org.springframework.boot.web.servlet.ServletContextInitializerBeans.addAdaptableBeans(ServletContextInitializerBeans.java:159) ~[spring-boot-1.5.8.RELEASE.jar:1.5.8.RELEASE]
	at org.springframework.boot.web.servlet.ServletContextInitializerBeans.<init>(ServletContextInitializerBeans.java:80) ~[spring-boot-1.5.8.RELEASE.jar:1.5.8.RELEASE]
	at org.springframework.boot.context.embedded.EmbeddedWebApplicationContext.getServletContextInitializerBeans(EmbeddedWebApplicationContext.java:241) ~[spring-boot-1.5.8.RELEASE.jar:1.5.8.RELEASE]
	at org.springframework.boot.context.embedded.EmbeddedWebApplicationContext.selfInitialize(EmbeddedWebApplicationContext.java:228) ~[spring-boot-1.5.8.RELEASE.jar:1.5.8.RELEASE]
	at org.springframework.boot.context.embedded.EmbeddedWebApplicationContext.access$000(EmbeddedWebApplicationContext.java:89) ~[spring-boot-1.5.8.RELEASE.jar:1.5.8.RELEASE]
	at org.springframework.boot.context.embedded.EmbeddedWebApplicationContext$1.onStartup(EmbeddedWebApplicationContext.java:213) ~[spring-boot-1.5.8.RELEASE.jar:1.5.8.RELEASE]
	at org.springframework.boot.context.embedded.tomcat.TomcatStarter.onStartup(TomcatStarter.java:55) ~[spring-boot-1.5.8.RELEASE.jar:1.5.8.RELEASE]
	at org.apache.catalina.core.StandardContext.startInternal(StandardContext.java:5196) ~[tomcat-embed-core-8.5.23.jar:8.5.23]
	at org.apache.catalina.util.LifecycleBase.start(LifecycleBase.java:150) ~[tomcat-embed-core-8.5.23.jar:8.5.23]
	at org.apache.catalina.core.ContainerBase$StartChild.call(ContainerBase.java:1419) ~[tomcat-embed-core-8.5.23.jar:8.5.23]
	at org.apache.catalina.core.ContainerBase$StartChild.call(ContainerBase.java:1409) ~[tomcat-embed-core-8.5.23.jar:8.5.23]
	at java.util.concurrent.FutureTask.run(FutureTask.java:266) ~[na:1.8.0_172]
	at java.util.concurrent.ThreadPoolExecutor.runWorker(ThreadPoolExecutor.java:1149) ~[na:1.8.0_172]
	at java.util.concurrent.ThreadPoolExecutor$Worker.run(ThreadPoolExecutor.java:624) ~[na:1.8.0_172]
	at java.lang.Thread.run(Thread.java:748) ~[na:1.8.0_172]
Caused by: org.springframework.beans.BeanInstantiationException: Failed to instantiate [org.springframework.boot.web.filter.OrderedHttpPutFormContentFilter]: Factory method 'httpPutFormContentFilter' threw exception; nested exception is java.lang.NoClassDefFoundError: kotlin/reflect/KotlinReflectionInternalError
	at org.springframework.beans.factory.support.SimpleInstantiationStrategy.instantiate(SimpleInstantiationStrategy.java:189) ~[spring-beans-4.3.12.RELEASE.jar:4.3.12.RELEASE]
	at org.springframework.beans.factory.support.ConstructorResolver.instantiateUsingFactoryMethod(ConstructorResolver.java:588) ~[spring-beans-4.3.12.RELEASE.jar:4.3.12.RELEASE]
	... 26 common frames omitted
Caused by: java.lang.NoClassDefFoundError: kotlin/reflect/KotlinReflectionInternalError
	at com.fasterxml.jackson.module.kotlin.KotlinModule.setupModule(KotlinModule.kt:44) ~[jackson-module-kotlin-2.8.10.jar:2.8.10]
	at com.fasterxml.jackson.databind.ObjectMapper.registerModule(ObjectMapper.java:747) ~[jackson-databind-2.8.10.jar:2.8.10]
	at org.springframework.http.converter.json.Jackson2ObjectMapperBuilder.registerWellKnownModulesIfAvailable(Jackson2ObjectMapperBuilder.java:776) ~[spring-web-4.3.12.RELEASE.jar:4.3.12.RELEASE]
	at org.springframework.http.converter.json.Jackson2ObjectMapperBuilder.configure(Jackson2ObjectMapperBuilder.java:607) ~[spring-web-4.3.12.RELEASE.jar:4.3.12.RELEASE]
	at org.springframework.http.converter.json.Jackson2ObjectMapperBuilder.build(Jackson2ObjectMapperBuilder.java:590) ~[spring-web-4.3.12.RELEASE.jar:4.3.12.RELEASE]
	at org.springframework.http.converter.json.MappingJackson2HttpMessageConverter.<init>(MappingJackson2HttpMessageConverter.java:57) ~[spring-web-4.3.12.RELEASE.jar:4.3.12.RELEASE]
	at org.springframework.http.converter.support.AllEncompassingFormHttpMessageConverter.<init>(AllEncompassingFormHttpMessageConverter.java:61) ~[spring-web-4.3.12.RELEASE.jar:4.3.12.RELEASE]
	at org.springframework.web.filter.HttpPutFormContentFilter.<init>(HttpPutFormContentFilter.java:63) ~[spring-web-4.3.12.RELEASE.jar:4.3.12.RELEASE]
	at org.springframework.boot.web.filter.OrderedHttpPutFormContentFilter.<init>(OrderedHttpPutFormContentFilter.java:29) ~[spring-boot-1.5.8.RELEASE.jar:1.5.8.RELEASE]
	at org.springframework.boot.autoconfigure.web.WebMvcAutoConfiguration.httpPutFormContentFilter(WebMvcAutoConfiguration.java:149) ~[spring-boot-autoconfigure-1.5.8.RELEASE.jar:1.5.8.RELEASE]
	at org.springframework.boot.autoconfigure.web.WebMvcAutoConfiguration$$EnhancerBySpringCGLIB$$a178a88.CGLIB$httpPutFormContentFilter$1(<generated>) ~[spring-boot-autoconfigure-1.5.8.RELEASE.jar:1.5.8.RELEASE]
	at org.springframework.boot.autoconfigure.web.WebMvcAutoConfiguration$$EnhancerBySpringCGLIB$$a178a88$$FastClassBySpringCGLIB$$5cd590d2.invoke(<generated>) ~[spring-boot-autoconfigure-1.5.8.RELEASE.jar:1.5.8.RELEASE]
	at org.springframework.cglib.proxy.MethodProxy.invokeSuper(MethodProxy.java:228) ~[spring-core-4.3.12.RELEASE.jar:4.3.12.RELEASE]
	at org.springframework.context.annotation.ConfigurationClassEnhancer$BeanMethodInterceptor.intercept(ConfigurationClassEnhancer.java:358) ~[spring-context-4.3.12.RELEASE.jar:4.3.12.RELEASE]
	at org.springframework.boot.autoconfigure.web.WebMvcAutoConfiguration$$EnhancerBySpringCGLIB$$a178a88.httpPutFormContentFilter(<generated>) ~[spring-boot-autoconfigure-1.5.8.RELEASE.jar:1.5.8.RELEASE]
	at sun.reflect.NativeMethodAccessorImpl.invoke0(Native Method) ~[na:1.8.0_172]
	at sun.reflect.NativeMethodAccessorImpl.invoke(NativeMethodAccessorImpl.java:62) ~[na:1.8.0_172]
	at sun.reflect.DelegatingMethodAccessorImpl.invoke(DelegatingMethodAccessorImpl.java:43) ~[na:1.8.0_172]
	at java.lang.reflect.Method.invoke(Method.java:498) ~[na:1.8.0_172]
	at org.springframework.beans.factory.support.SimpleInstantiationStrategy.instantiate(SimpleInstantiationStrategy.java:162) ~[spring-beans-4.3.12.RELEASE.jar:4.3.12.RELEASE]
	... 27 common frames omitted
Caused by: java.lang.ClassNotFoundException: kotlin.reflect.KotlinReflectionInternalError
	at java.net.URLClassLoader.findClass(URLClassLoader.java:381) ~[na:1.8.0_172]
	at java.lang.ClassLoader.loadClass(ClassLoader.java:424) ~[na:1.8.0_172]
	at sun.misc.Launcher$AppClassLoader.loadClass(Launcher.java:349) ~[na:1.8.0_172]
	at java.lang.ClassLoader.loadClass(ClassLoader.java:357) ~[na:1.8.0_172]
	... 47 common frames omitted

:bootRun FAILED

FAILURE: Build failed with an exception.

* What went wrong:
Execution failed for task ':bootRun'.
> Process 'command '/opt/jdk1.8.0_172/bin/java'' finished with non-zero exit value 1

* Try:
Run with --stacktrace option to get the stack trace. Run with --info or --debug option to get more log output. Run with --scan to get full insights.

* Get more help at https://help.gradle.org

BUILD FAILED in 11m 44s
3 actionable tasks: 2 executed, 1 up-to-date
01:46:55.715 [DEBUG] [org.gradle.launcher.daemon.server.exec.ExecuteBuild] The daemon has finished executing the build.
01:46:55.734 [DEBUG] [org.gradle.launcher.daemon.server.DaemonStateCoordinator] Command execution: finished waiting for DaemonCommandExecution[command = Build{id=c42e0991-296b-4062-b2ac-96e28134db0a.1, currentDir=/comments-api}, connection = DefaultDaemonConnection: socket connection from /127.0.0.1:33773 to /127.0.0.1:58734]. Result org.gradle.launcher.daemon.server.DaemonStateCoordinator@66e75656 with state Busy
01:46:55.737 [DEBUG] [org.gradle.launcher.daemon.server.DaemonStateCoordinator] Command execution: completed DaemonCommandExecution[command = Build{id=c42e0991-296b-4062-b2ac-96e28134db0a.1, currentDir=/comments-api}, connection = DefaultDaemonConnection: socket connection from /127.0.0.1:33773 to /127.0.0.1:58734]
01:46:55.741 [DEBUG] [org.gradle.launcher.daemon.server.DaemonStateCoordinator] resetting idle timer
01:46:55.745 [INFO] [org.gradle.launcher.daemon.server.DaemonRegistryUpdater] Marking the daemon as idle, address: [d284f92a-05e7-4931-83be-1c6922236087 port:33773, addresses:[/127.0.0.1]]
01:46:55.747 [DEBUG] [org.gradle.launcher.daemon.registry.PersistentDaemonRegistry] Marking busy by address: [d284f92a-05e7-4931-83be-1c6922236087 port:33773, addresses:[/127.0.0.1]]
01:46:55.760 [DEBUG] [org.gradle.cache.internal.DefaultFileLockManager] Waiting to acquire exclusive lock on daemon addresses registry.
01:46:55.765 [DEBUG] [org.gradle.cache.internal.DefaultFileLockManager] Lock acquired on daemon addresses registry.
01:46:55.774 [DEBUG] [org.gradle.cache.internal.DefaultFileLockManager] Releasing lock on daemon addresses registry.
01:46:55.793 [DEBUG] [org.gradle.launcher.daemon.server.DaemonStateCoordinator] daemon is running. Sleeping until state changes.
01:46:55.794 [DEBUG] [org.gradle.launcher.daemon.server.exec.ReturnResult] Daemon is dispatching the build result: Failure[value=org.gradle.initialization.ReportedException: org.gradle.internal.exceptions.LocationAwareException: Execution failed for task ':bootRun'.]
01:46:55.807 [DEBUG] [org.gradle.launcher.daemon.server.SynchronizedDispatchConnection] thread 14: dispatching class org.gradle.launcher.daemon.protocol.Failure
01:46:55.933 [DEBUG] [org.gradle.launcher.daemon.server.DefaultIncomingConnectionHandler] Finishing executing command: Build{id=c42e0991-296b-4062-b2ac-96e28134db0a.1, currentDir=/comments-api}
01:46:56.547 [DEBUG] [org.gradle.launcher.daemon.server.SynchronizedDispatchConnection] thread 15: received class org.gradle.launcher.daemon.protocol.Finished
01:46:56.551 [DEBUG] [org.gradle.launcher.daemon.server.DefaultDaemonConnection] thread 15: Received non-IO message from client: org.gradle.launcher.daemon.protocol.Finished@3605ad03
01:46:56.554 [DEBUG] [org.gradle.internal.remote.internal.inet.SocketConnection] Discarding EOFException: java.io.EOFException
01:46:56.558 [DEBUG] [org.gradle.launcher.daemon.server.SynchronizedDispatchConnection] thread 15: received null
01:46:56.561 [DEBUG] [org.gradle.launcher.daemon.server.DefaultDaemonConnection] thread 15: Received end-of-input from client.
01:46:56.554 [DEBUG] [org.gradle.launcher.daemon.server.DefaultIncomingConnectionHandler] Received finished message: org.gradle.launcher.daemon.protocol.Finished@3605ad03
01:46:56.577 [DEBUG] [org.gradle.launcher.daemon.server.SynchronizedDispatchConnection] thread 14: stopping connection
01:46:56.599 [DEBUG] [org.gradle.launcher.daemon.server.SynchronizedDispatchConnection] thread 14: stopping connection
