11:07:21.338 [DEBUG] [org.gradle.launcher.daemon.bootstrap.DaemonMain] Assuming the daemon was started with following jvm opts: [-XX:+HeapDumpOnOutOfMemoryError, -Xmx1024m, -Dfile.encoding=UTF-8, -Duser.country, -Duser.language=en, -Duser.variant]
11:07:21.508 [INFO] [org.gradle.launcher.daemon.server.Daemon] start() called on daemon - DefaultDaemonContext[uid=82216617-373a-4da0-9384-80e22a81bc83,javaHome=/opt/jdk1.8.0_172,daemonRegistryDir=/users-api/cache/daemon,pid=33,idleTimeout=10800000,daemonOpts=-XX:+HeapDumpOnOutOfMemoryError,-Xmx1024m,-Dfile.encoding=UTF-8,-Duser.country,-Duser.language=en,-Duser.variant]
11:07:21.542 [DEBUG] [org.gradle.internal.remote.internal.inet.InetAddresses] Adding IP addresses for network interface eth0
11:07:21.544 [DEBUG] [org.gradle.internal.remote.internal.inet.InetAddresses] Is this a loopback interface? false
11:07:21.546 [DEBUG] [org.gradle.internal.remote.internal.inet.InetAddresses] Is this a multicast interface? true
11:07:21.548 [DEBUG] [org.gradle.internal.remote.internal.inet.InetAddresses] Adding remote address /172.18.0.6
11:07:21.549 [DEBUG] [org.gradle.internal.remote.internal.inet.InetAddresses] Adding remote multicast interface eth0
11:07:21.552 [DEBUG] [org.gradle.internal.remote.internal.inet.InetAddresses] Adding IP addresses for network interface lo
11:07:21.554 [DEBUG] [org.gradle.internal.remote.internal.inet.InetAddresses] Is this a loopback interface? true
11:07:21.556 [DEBUG] [org.gradle.internal.remote.internal.inet.InetAddresses] Is this a multicast interface? false
11:07:21.558 [DEBUG] [org.gradle.internal.remote.internal.inet.InetAddresses] Adding loopback address /127.0.0.1
11:07:21.564 [DEBUG] [org.gradle.internal.remote.internal.inet.TcpIncomingConnector] Listening on [eb4cc37b-1130-42a3-aa28-ffef7c826053 port:42621, addresses:[/127.0.0.1]].
11:07:21.571 [DEBUG] [org.gradle.launcher.daemon.server.Daemon] Daemon starting at: Wed Jun 13 11:07:21 GMT 2018, with address: [eb4cc37b-1130-42a3-aa28-ffef7c826053 port:42621, addresses:[/127.0.0.1]]
11:07:21.582 [INFO] [org.gradle.launcher.daemon.server.DaemonRegistryUpdater] Advertising the daemon address to the clients: [eb4cc37b-1130-42a3-aa28-ffef7c826053 port:42621, addresses:[/127.0.0.1]]
11:07:21.585 [DEBUG] [org.gradle.launcher.daemon.server.DaemonRegistryUpdater] Advertised daemon context: DefaultDaemonContext[uid=82216617-373a-4da0-9384-80e22a81bc83,javaHome=/opt/jdk1.8.0_172,daemonRegistryDir=/users-api/cache/daemon,pid=33,idleTimeout=10800000,daemonOpts=-XX:+HeapDumpOnOutOfMemoryError,-Xmx1024m,-Dfile.encoding=UTF-8,-Duser.country,-Duser.language=en,-Duser.variant]
11:07:21.591 [DEBUG] [org.gradle.launcher.daemon.registry.PersistentDaemonRegistry] Storing daemon address: [eb4cc37b-1130-42a3-aa28-ffef7c826053 port:42621, addresses:[/127.0.0.1]], context: DefaultDaemonContext[uid=82216617-373a-4da0-9384-80e22a81bc83,javaHome=/opt/jdk1.8.0_172,daemonRegistryDir=/users-api/cache/daemon,pid=33,idleTimeout=10800000,daemonOpts=-XX:+HeapDumpOnOutOfMemoryError,-Xmx1024m,-Dfile.encoding=UTF-8,-Duser.country,-Duser.language=en,-Duser.variant]
11:07:21.641 [DEBUG] [org.gradle.cache.internal.DefaultFileLockManager] Waiting to acquire exclusive lock on daemon addresses registry.
11:07:21.652 [DEBUG] [org.gradle.cache.internal.DefaultFileLockManager] Lock acquired on daemon addresses registry.
11:07:21.671 [DEBUG] [org.gradle.cache.internal.DefaultFileLockManager] Releasing lock on daemon addresses registry.
11:07:21.676 [LIFECYCLE] [org.gradle.launcher.daemon.server.Daemon] Daemon server started.
11:07:21.681 [DEBUG] [org.gradle.launcher.daemon.bootstrap.DaemonStartupCommunication] Completed writing the daemon greeting. Closing streams...
11:07:21.696 [DEBUG] [org.gradle.launcher.daemon.server.Daemon] stopOnExpiration() called on daemon
11:07:21.700 [DEBUG] [org.gradle.launcher.daemon.server.Daemon] awaitExpiration() called on daemon
11:07:21.704 [DEBUG] [org.gradle.launcher.daemon.server.DaemonStateCoordinator] daemon is running. Sleeping until state changes.
11:07:21.708 [DEBUG] [org.gradle.internal.remote.internal.inet.TcpIncomingConnector] Accepted connection from /127.0.0.1:44012 to /127.0.0.1:42621.
11:07:21.913 [DEBUG] [org.gradle.launcher.daemon.server.SynchronizedDispatchConnection] thread 15: received class org.gradle.launcher.daemon.protocol.Build
11:07:21.916 [DEBUG] [org.gradle.launcher.daemon.server.DefaultDaemonConnection] thread 15: Received non-IO message from client: Build{id=e7194dab-f7e4-43d8-a896-a6e0f1163936.1, currentDir=/users-api}
11:07:21.919 [INFO] [org.gradle.launcher.daemon.server.DefaultIncomingConnectionHandler] Received command: Build{id=e7194dab-f7e4-43d8-a896-a6e0f1163936.1, currentDir=/users-api}.
11:07:21.922 [DEBUG] [org.gradle.launcher.daemon.server.DefaultIncomingConnectionHandler] Starting executing command: Build{id=e7194dab-f7e4-43d8-a896-a6e0f1163936.1, currentDir=/users-api} with connection: socket connection from /127.0.0.1:42621 to /127.0.0.1:44012.
11:07:21.926 [ERROR] [org.gradle.launcher.daemon.server.DaemonStateCoordinator] Command execution: started DaemonCommandExecution[command = Build{id=e7194dab-f7e4-43d8-a896-a6e0f1163936.1, currentDir=/users-api}, connection = DefaultDaemonConnection: socket connection from /127.0.0.1:42621 to /127.0.0.1:44012] after 0.0 minutes of idle
11:07:21.929 [INFO] [org.gradle.launcher.daemon.server.DaemonRegistryUpdater] Marking the daemon as busy, address: [eb4cc37b-1130-42a3-aa28-ffef7c826053 port:42621, addresses:[/127.0.0.1]]
11:07:21.931 [DEBUG] [org.gradle.launcher.daemon.registry.PersistentDaemonRegistry] Marking busy by address: [eb4cc37b-1130-42a3-aa28-ffef7c826053 port:42621, addresses:[/127.0.0.1]]
11:07:21.936 [DEBUG] [org.gradle.cache.internal.DefaultFileLockManager] Waiting to acquire exclusive lock on daemon addresses registry.
11:07:21.939 [DEBUG] [org.gradle.cache.internal.DefaultFileLockManager] Lock acquired on daemon addresses registry.
11:07:21.948 [DEBUG] [org.gradle.cache.internal.DefaultFileLockManager] Releasing lock on daemon addresses registry.
11:07:21.954 [DEBUG] [org.gradle.launcher.daemon.server.DaemonStateCoordinator] resetting idle timer
11:07:21.956 [DEBUG] [org.gradle.launcher.daemon.server.DaemonStateCoordinator] daemon is running. Sleeping until state changes.
11:07:21.957 [INFO] [org.gradle.launcher.daemon.server.exec.StartBuildOrRespondWithBusy] Daemon is about to start building Build{id=e7194dab-f7e4-43d8-a896-a6e0f1163936.1, currentDir=/users-api}. Dispatching build started information...
11:07:21.960 [DEBUG] [org.gradle.launcher.daemon.server.SynchronizedDispatchConnection] thread 17: dispatching class org.gradle.launcher.daemon.protocol.BuildStarted
11:07:21.972 [DEBUG] [org.gradle.launcher.daemon.server.exec.EstablishBuildEnvironment] Configuring env variables: {PATH=/usr/local/sbin:/usr/local/bin:/usr/sbin:/usr/bin:/sbin:/bin:/opt/jdk/bin, JAVA_JCE=unlimited, SPRING_PROFILES_ACTIVE=dev, JAVA_HOME=/opt/jdk, OLDPWD=/users-api, GLIBC_VERSION=2.27-r0, LANG=C.UTF-8, JAVA_VERSION_MAJOR=8, GRADLE_USER_HOME=cache, HOSTNAME=8a26e5129ac3, GLIBC_REPO=https://github.com/sgerrand/alpine-pkg-glibc, JAVA_VERSION_MINOR=172, PWD=/users-api, JAVA_PACKAGE=jdk, JAVA_VERSION_BUILD=11, HOME=/root, SHLVL=1}
11:07:21.980 [DEBUG] [org.gradle.launcher.daemon.server.SynchronizedDispatchConnection] thread 15: received class org.gradle.launcher.daemon.protocol.CloseInput
11:07:21.983 [DEBUG] [org.gradle.launcher.daemon.server.DefaultDaemonConnection] thread 15: Received IO message from client: org.gradle.launcher.daemon.protocol.CloseInput@52568f2a
11:07:21.991 [DEBUG] [org.gradle.launcher.daemon.server.exec.LogToClient] About to start relaying all logs to the client via the connection.
11:07:21.994 [INFO] [org.gradle.launcher.daemon.server.exec.LogToClient] The client will now receive all logging from the daemon (pid: 33). The daemon log file: /users-api/cache/daemon/4.5.1/daemon-33.out.log
11:07:21.999 [INFO] [org.gradle.launcher.daemon.server.exec.LogAndCheckHealth] Starting build in new daemon [memory: 954.7 MB]
11:07:22.002 [INFO] [org.gradle.launcher.daemon.server.exec.ForwardClientInput] Closing daemon's stdin at end of input.
11:07:22.004 [INFO] [org.gradle.launcher.daemon.server.exec.ForwardClientInput] The daemon will no longer process any standard input.
11:07:22.010 [DEBUG] [org.gradle.launcher.daemon.server.exec.ExecuteBuild] The daemon has started executing the build.
11:07:22.014 [DEBUG] [org.gradle.launcher.daemon.server.exec.ExecuteBuild] Executing build with daemon context: DefaultDaemonContext[uid=82216617-373a-4da0-9384-80e22a81bc83,javaHome=/opt/jdk1.8.0_172,daemonRegistryDir=/users-api/cache/daemon,pid=33,idleTimeout=10800000,daemonOpts=-XX:+HeapDumpOnOutOfMemoryError,-Xmx1024m,-Dfile.encoding=UTF-8,-Duser.country,-Duser.language=en,-Duser.variant]
:compileKotlin
:compileJava/users-api/src/main/java/com/example/usersapi/user/GraphQLController.java:90: error: cannot find symbol
        repoType = TypeFactory.parameterizedClass(usersService.getRepositoryInterface(), entityType.getJavaType(), entityType.getIdType());
                                                              ^
  symbol:   method getRepositoryInterface()
  location: variable usersService of type UsersService
/users-api/src/main/java/com/example/usersapi/user/GraphQLController.java:90: error: cannot find symbol
        repoType = TypeFactory.parameterizedClass(usersService.getRepositoryInterface(), entityType.getJavaType(), entityType.getIdType());
                                                                                         ^
  symbol:   variable entityType
  location: class GraphQLController
/users-api/src/main/java/com/example/usersapi/user/GraphQLController.java:90: error: cannot find symbol
        repoType = TypeFactory.parameterizedClass(usersService.getRepositoryInterface(), entityType.getJavaType(), entityType.getIdType());
                                                                                                                   ^
  symbol:   variable entityType
  location: class GraphQLController
/users-api/src/main/java/com/example/usersapi/user/GraphQLController.java:93: error: no suitable method found for withOperationsFromSingleton(UsersService,HashMap<User,Long>)
                .withOperationsFromSingleton(usersService, repoType)
                ^
    method GraphQLSchemaGenerator.withOperationsFromSingleton(Object,Type) is not applicable
      (argument mismatch; HashMap<User,Long> cannot be converted to Type)
    method GraphQLSchemaGenerator.withOperationsFromSingleton(Object,AnnotatedType) is not applicable
      (argument mismatch; HashMap<User,Long> cannot be converted to AnnotatedType)
    method GraphQLSchemaGenerator.withOperationsFromSingleton(Object,ResolverBuilder...) is not applicable
      (varargs mismatch; HashMap<User,Long> cannot be converted to ResolverBuilder)
    method GraphQLSchemaGenerator.withOperationsFromSingleton(Object,Type,ResolverBuilder...) is not applicable
      (argument mismatch; HashMap<User,Long> cannot be converted to Type)
    method GraphQLSchemaGenerator.withOperationsFromSingleton(Object,AnnotatedType,ResolverBuilder...) is not applicable
      (argument mismatch; HashMap<User,Long> cannot be converted to AnnotatedType)
Note: Some messages have been simplified; recompile with -Xdiags:verbose to get full output
4 errors
 FAILED

FAILURE: Build failed with an exception.

* What went wrong:
Execution failed for task ':compileJava'.
> Compilation failed; see the compiler error output for details.

* Try:
Run with --stacktrace option to get the stack trace. Run with --info or --debug option to get more log output. Run with --scan to get full insights.

* Get more help at https://help.gradle.org

BUILD FAILED in 30s
2 actionable tasks: 2 executed
11:07:42.319 [DEBUG] [org.gradle.launcher.daemon.server.exec.ExecuteBuild] The daemon has finished executing the build.
11:07:42.334 [DEBUG] [org.gradle.launcher.daemon.server.DaemonStateCoordinator] daemon is running. Sleeping until state changes.
11:07:42.338 [DEBUG] [org.gradle.launcher.daemon.server.DaemonStateCoordinator] Command execution: finished waiting for DaemonCommandExecution[command = Build{id=e7194dab-f7e4-43d8-a896-a6e0f1163936.1, currentDir=/users-api}, connection = DefaultDaemonConnection: socket connection from /127.0.0.1:42621 to /127.0.0.1:44012]. Result org.gradle.launcher.daemon.server.DaemonStateCoordinator@6dd60bbb with state Busy
11:07:42.353 [DEBUG] [org.gradle.launcher.daemon.server.DaemonStateCoordinator] Command execution: completed DaemonCommandExecution[command = Build{id=e7194dab-f7e4-43d8-a896-a6e0f1163936.1, currentDir=/users-api}, connection = DefaultDaemonConnection: socket connection from /127.0.0.1:42621 to /127.0.0.1:44012]
11:07:42.357 [DEBUG] [org.gradle.launcher.daemon.server.DaemonStateCoordinator] resetting idle timer
11:07:42.360 [INFO] [org.gradle.launcher.daemon.server.DaemonRegistryUpdater] Marking the daemon as idle, address: [eb4cc37b-1130-42a3-aa28-ffef7c826053 port:42621, addresses:[/127.0.0.1]]
11:07:42.363 [DEBUG] [org.gradle.launcher.daemon.registry.PersistentDaemonRegistry] Marking busy by address: [eb4cc37b-1130-42a3-aa28-ffef7c826053 port:42621, addresses:[/127.0.0.1]]
11:07:42.379 [DEBUG] [org.gradle.cache.internal.DefaultFileLockManager] Waiting to acquire exclusive lock on daemon addresses registry.
11:07:42.384 [DEBUG] [org.gradle.cache.internal.DefaultFileLockManager] Lock acquired on daemon addresses registry.
11:07:42.393 [DEBUG] [org.gradle.cache.internal.DefaultFileLockManager] Releasing lock on daemon addresses registry.
11:07:42.397 [DEBUG] [org.gradle.launcher.daemon.server.DaemonStateCoordinator] daemon is running. Sleeping until state changes.
11:07:42.397 [DEBUG] [org.gradle.launcher.daemon.server.exec.ReturnResult] Daemon is dispatching the build result: Failure[value=org.gradle.initialization.ReportedException: org.gradle.internal.exceptions.LocationAwareException: Execution failed for task ':compileJava'.]
11:07:42.401 [DEBUG] [org.gradle.launcher.daemon.server.SynchronizedDispatchConnection] thread 14: dispatching class org.gradle.launcher.daemon.protocol.Failure
11:07:42.448 [DEBUG] [org.gradle.launcher.daemon.server.DefaultIncomingConnectionHandler] Finishing executing command: Build{id=e7194dab-f7e4-43d8-a896-a6e0f1163936.1, currentDir=/users-api}
11:07:42.485 [DEBUG] [org.gradle.launcher.daemon.server.SynchronizedDispatchConnection] thread 15: received class org.gradle.launcher.daemon.protocol.Finished
11:07:42.490 [DEBUG] [org.gradle.launcher.daemon.server.DefaultDaemonConnection] thread 15: Received non-IO message from client: org.gradle.launcher.daemon.protocol.Finished@4884acc9
11:07:42.492 [DEBUG] [org.gradle.launcher.daemon.server.DefaultIncomingConnectionHandler] Received finished message: org.gradle.launcher.daemon.protocol.Finished@4884acc9
11:07:42.493 [DEBUG] [org.gradle.internal.remote.internal.inet.SocketConnection] Discarding EOFException: java.io.EOFException
11:07:42.494 [DEBUG] [org.gradle.launcher.daemon.server.SynchronizedDispatchConnection] thread 14: stopping connection
11:07:42.496 [DEBUG] [org.gradle.launcher.daemon.server.SynchronizedDispatchConnection] thread 15: received null
11:07:42.499 [DEBUG] [org.gradle.launcher.daemon.server.DefaultDaemonConnection] thread 15: Received end-of-input from client.
11:07:42.501 [DEBUG] [org.gradle.launcher.daemon.server.SynchronizedDispatchConnection] thread 14: stopping connection
