23:27:32.386 [DEBUG] [org.gradle.launcher.daemon.bootstrap.DaemonMain] Assuming the daemon was started with following jvm opts: [-XX:+HeapDumpOnOutOfMemoryError, -Xmx1024m, -Dfile.encoding=UTF-8, -Duser.country, -Duser.language=en, -Duser.variant]
23:27:32.930 [INFO] [org.gradle.launcher.daemon.server.Daemon] start() called on daemon - DefaultDaemonContext[uid=67ebd864-b431-48ef-835c-bca2a199d7f6,javaHome=/opt/jdk1.8.0_172,daemonRegistryDir=/posts-api/cache/daemon,pid=32,idleTimeout=10800000,daemonOpts=-XX:+HeapDumpOnOutOfMemoryError,-Xmx1024m,-Dfile.encoding=UTF-8,-Duser.country,-Duser.language=en,-Duser.variant]
23:27:33.024 [DEBUG] [org.gradle.internal.remote.internal.inet.InetAddresses] Adding IP addresses for network interface eth0
23:27:33.030 [DEBUG] [org.gradle.internal.remote.internal.inet.InetAddresses] Is this a loopback interface? false
23:27:33.036 [DEBUG] [org.gradle.internal.remote.internal.inet.InetAddresses] Is this a multicast interface? true
23:27:33.041 [DEBUG] [org.gradle.internal.remote.internal.inet.InetAddresses] Adding remote address /172.18.0.6
23:27:33.050 [DEBUG] [org.gradle.internal.remote.internal.inet.InetAddresses] Adding remote multicast interface eth0
23:27:33.062 [DEBUG] [org.gradle.internal.remote.internal.inet.InetAddresses] Adding IP addresses for network interface lo
23:27:33.071 [DEBUG] [org.gradle.internal.remote.internal.inet.InetAddresses] Is this a loopback interface? true
23:27:33.076 [DEBUG] [org.gradle.internal.remote.internal.inet.InetAddresses] Is this a multicast interface? false
23:27:33.081 [DEBUG] [org.gradle.internal.remote.internal.inet.InetAddresses] Adding loopback address /127.0.0.1
23:27:33.114 [DEBUG] [org.gradle.internal.remote.internal.inet.TcpIncomingConnector] Listening on [44b8e5ca-ed47-48f8-b0f4-7d9790c063fa port:35333, addresses:[/127.0.0.1]].
23:27:33.166 [DEBUG] [org.gradle.launcher.daemon.server.Daemon] Daemon starting at: Tue Jun 19 23:27:33 GMT 2018, with address: [44b8e5ca-ed47-48f8-b0f4-7d9790c063fa port:35333, addresses:[/127.0.0.1]]
23:27:33.172 [INFO] [org.gradle.launcher.daemon.server.DaemonRegistryUpdater] Advertising the daemon address to the clients: [44b8e5ca-ed47-48f8-b0f4-7d9790c063fa port:35333, addresses:[/127.0.0.1]]
23:27:33.177 [DEBUG] [org.gradle.launcher.daemon.server.DaemonRegistryUpdater] Advertised daemon context: DefaultDaemonContext[uid=67ebd864-b431-48ef-835c-bca2a199d7f6,javaHome=/opt/jdk1.8.0_172,daemonRegistryDir=/posts-api/cache/daemon,pid=32,idleTimeout=10800000,daemonOpts=-XX:+HeapDumpOnOutOfMemoryError,-Xmx1024m,-Dfile.encoding=UTF-8,-Duser.country,-Duser.language=en,-Duser.variant]
23:27:33.187 [DEBUG] [org.gradle.launcher.daemon.registry.PersistentDaemonRegistry] Storing daemon address: [44b8e5ca-ed47-48f8-b0f4-7d9790c063fa port:35333, addresses:[/127.0.0.1]], context: DefaultDaemonContext[uid=67ebd864-b431-48ef-835c-bca2a199d7f6,javaHome=/opt/jdk1.8.0_172,daemonRegistryDir=/posts-api/cache/daemon,pid=32,idleTimeout=10800000,daemonOpts=-XX:+HeapDumpOnOutOfMemoryError,-Xmx1024m,-Dfile.encoding=UTF-8,-Duser.country,-Duser.language=en,-Duser.variant]
23:27:33.292 [DEBUG] [org.gradle.cache.internal.DefaultFileLockManager] Waiting to acquire exclusive lock on daemon addresses registry.
23:27:33.317 [DEBUG] [org.gradle.cache.internal.DefaultFileLockManager] Lock acquired on daemon addresses registry.
23:27:33.363 [DEBUG] [org.gradle.cache.internal.DefaultFileLockManager] Releasing lock on daemon addresses registry.
23:27:33.479 [LIFECYCLE] [org.gradle.launcher.daemon.server.Daemon] Daemon server started.
23:27:33.496 [DEBUG] [org.gradle.launcher.daemon.bootstrap.DaemonStartupCommunication] Completed writing the daemon greeting. Closing streams...
23:27:33.516 [DEBUG] [org.gradle.launcher.daemon.server.Daemon] stopOnExpiration() called on daemon
23:27:33.534 [DEBUG] [org.gradle.launcher.daemon.server.Daemon] awaitExpiration() called on daemon
23:27:33.540 [DEBUG] [org.gradle.launcher.daemon.server.DaemonStateCoordinator] daemon is running. Sleeping until state changes.
23:27:33.553 [DEBUG] [org.gradle.internal.remote.internal.inet.TcpIncomingConnector] Accepted connection from /127.0.0.1:33582 to /127.0.0.1:35333.
23:27:33.978 [DEBUG] [org.gradle.launcher.daemon.server.SynchronizedDispatchConnection] thread 15: received class org.gradle.launcher.daemon.protocol.Build
23:27:33.983 [DEBUG] [org.gradle.launcher.daemon.server.DefaultDaemonConnection] thread 15: Received non-IO message from client: Build{id=e27f9b23-74f3-44bd-947d-4f57142f37b2.1, currentDir=/posts-api}
23:27:33.994 [INFO] [org.gradle.launcher.daemon.server.DefaultIncomingConnectionHandler] Received command: Build{id=e27f9b23-74f3-44bd-947d-4f57142f37b2.1, currentDir=/posts-api}.
23:27:34.005 [DEBUG] [org.gradle.launcher.daemon.server.DefaultIncomingConnectionHandler] Starting executing command: Build{id=e27f9b23-74f3-44bd-947d-4f57142f37b2.1, currentDir=/posts-api} with connection: socket connection from /127.0.0.1:35333 to /127.0.0.1:33582.
23:27:34.029 [ERROR] [org.gradle.launcher.daemon.server.DaemonStateCoordinator] Command execution: started DaemonCommandExecution[command = Build{id=e27f9b23-74f3-44bd-947d-4f57142f37b2.1, currentDir=/posts-api}, connection = DefaultDaemonConnection: socket connection from /127.0.0.1:35333 to /127.0.0.1:33582] after 0.0 minutes of idle
23:27:34.049 [INFO] [org.gradle.launcher.daemon.server.DaemonRegistryUpdater] Marking the daemon as busy, address: [44b8e5ca-ed47-48f8-b0f4-7d9790c063fa port:35333, addresses:[/127.0.0.1]]
23:27:34.069 [DEBUG] [org.gradle.launcher.daemon.registry.PersistentDaemonRegistry] Marking busy by address: [44b8e5ca-ed47-48f8-b0f4-7d9790c063fa port:35333, addresses:[/127.0.0.1]]
23:27:34.098 [DEBUG] [org.gradle.cache.internal.DefaultFileLockManager] Waiting to acquire exclusive lock on daemon addresses registry.
23:27:34.102 [DEBUG] [org.gradle.cache.internal.DefaultFileLockManager] Lock acquired on daemon addresses registry.
23:27:34.117 [DEBUG] [org.gradle.cache.internal.DefaultFileLockManager] Releasing lock on daemon addresses registry.
23:27:34.126 [DEBUG] [org.gradle.launcher.daemon.server.DaemonStateCoordinator] resetting idle timer
23:27:34.129 [DEBUG] [org.gradle.launcher.daemon.server.DaemonStateCoordinator] daemon is running. Sleeping until state changes.
23:27:34.131 [INFO] [org.gradle.launcher.daemon.server.exec.StartBuildOrRespondWithBusy] Daemon is about to start building Build{id=e27f9b23-74f3-44bd-947d-4f57142f37b2.1, currentDir=/posts-api}. Dispatching build started information...
23:27:34.139 [DEBUG] [org.gradle.launcher.daemon.server.SynchronizedDispatchConnection] thread 17: dispatching class org.gradle.launcher.daemon.protocol.BuildStarted
23:27:34.164 [DEBUG] [org.gradle.launcher.daemon.server.exec.EstablishBuildEnvironment] Configuring env variables: {PATH=/usr/local/sbin:/usr/local/bin:/usr/sbin:/usr/bin:/sbin:/bin:/opt/jdk/bin, JAVA_JCE=unlimited, SPRING_PROFILES_ACTIVE=dev, JAVA_HOME=/opt/jdk, OLDPWD=/posts-api, GLIBC_VERSION=2.27-r0, LANG=C.UTF-8, JAVA_VERSION_MAJOR=8, GRADLE_USER_HOME=cache, HOSTNAME=1d0a1f98aac8, GLIBC_REPO=https://github.com/sgerrand/alpine-pkg-glibc, JAVA_VERSION_MINOR=172, PWD=/posts-api, JAVA_PACKAGE=jdk, JAVA_VERSION_BUILD=11, HOME=/root, SHLVL=1}
23:27:34.208 [DEBUG] [org.gradle.launcher.daemon.server.exec.LogToClient] About to start relaying all logs to the client via the connection.
23:27:34.216 [INFO] [org.gradle.launcher.daemon.server.exec.LogToClient] The client will now receive all logging from the daemon (pid: 32). The daemon log file: /posts-api/cache/daemon/4.5.1/daemon-32.out.log
23:27:34.208 [DEBUG] [org.gradle.launcher.daemon.server.SynchronizedDispatchConnection] thread 15: received class org.gradle.launcher.daemon.protocol.CloseInput
23:27:34.240 [DEBUG] [org.gradle.launcher.daemon.server.DefaultDaemonConnection] thread 15: Received IO message from client: org.gradle.launcher.daemon.protocol.CloseInput@6483df3a
23:27:34.243 [INFO] [org.gradle.launcher.daemon.server.exec.LogAndCheckHealth] Starting build in new daemon [memory: 954.7 MB]
23:27:34.254 [INFO] [org.gradle.launcher.daemon.server.exec.ForwardClientInput] Closing daemon's stdin at end of input.
23:27:34.266 [INFO] [org.gradle.launcher.daemon.server.exec.ForwardClientInput] The daemon will no longer process any standard input.
23:27:34.279 [DEBUG] [org.gradle.launcher.daemon.server.exec.ExecuteBuild] The daemon has started executing the build.
23:27:34.293 [DEBUG] [org.gradle.launcher.daemon.server.exec.ExecuteBuild] Executing build with daemon context: DefaultDaemonContext[uid=67ebd864-b431-48ef-835c-bca2a199d7f6,javaHome=/opt/jdk1.8.0_172,daemonRegistryDir=/posts-api/cache/daemon,pid=32,idleTimeout=10800000,daemonOpts=-XX:+HeapDumpOnOutOfMemoryError,-Xmx1024m,-Dfile.encoding=UTF-8,-Duser.country,-Duser.language=en,-Duser.variant]
:compileKotlin UP-TO-DATE
:compileJavaNote: /posts-api/src/main/java/com/example/postsapi/service/PostsService.java uses or overrides a deprecated API.
Note: Recompile with -Xlint:deprecation for details.
Note: /posts-api/src/main/java/com/example/postsapi/service/PostsService.java uses unchecked or unsafe operations.
Note: Recompile with -Xlint:unchecked for details.

:processResources
:classes
:bootRun
2018-06-19 23:28:34.802  INFO 77 --- [           main] s.c.a.AnnotationConfigApplicationContext : Refreshing org.springframework.context.annotation.AnnotationConfigApplicationContext@2e005c4b: startup date [Tue Jun 19 23:28:34 GMT 2018]; root of context hierarchy
2018-06-19 23:28:36.548  INFO 77 --- [           main] f.a.AutowiredAnnotationBeanPostProcessor : JSR-330 'javax.inject.Inject' annotation found and supported for autowiring
2018-06-19 23:28:36.738  INFO 77 --- [           main] trationDelegate$BeanPostProcessorChecker : Bean 'configurationPropertiesRebinderAutoConfiguration' of type [org.springframework.cloud.autoconfigure.ConfigurationPropertiesRebinderAutoConfiguration$$EnhancerBySpringCGLIB$$bad44a50] is not eligible for getting processed by all BeanPostProcessors (for example: not eligible for auto-proxying)

  .   ____          _            __ _ _
 /\\ / ___'_ __ _ _(_)_ __  __ _ \ \ \ \
( ( )\___ | '_ | '_| | '_ \/ _` | \ \ \ \
 \\/  ___)| |_)| | | | | || (_| |  ) ) ) )
  '  |____| .__|_| |_|_| |_\__, | / / / /
 =========|_|==============|___/=/_/_/_/
[32m :: Spring Boot :: [39m      [2m (v1.5.8.RELEASE)[0;39m

[2m2018-06-19 23:28:37.890[0;39m [32m INFO[0;39m [35m77[0;39m [2m---[0;39m [2m[           main][0;39m [36mcom.example.postsapi.PostsApi           [0;39m [2m:[0;39m The following profiles are active: dev
[2m2018-06-19 23:28:38.011[0;39m [32m INFO[0;39m [35m77[0;39m [2m---[0;39m [2m[           main][0;39m [36mationConfigEmbeddedWebApplicationContext[0;39m [2m:[0;39m Refreshing org.springframework.boot.context.embedded.AnnotationConfigEmbeddedWebApplicationContext@502f1f4c: startup date [Tue Jun 19 23:28:38 GMT 2018]; parent: org.springframework.context.annotation.AnnotationConfigApplicationContext@2e005c4b
[2m2018-06-19 23:28:45.107[0;39m [32m INFO[0;39m [35m77[0;39m [2m---[0;39m [2m[           main][0;39m [36mo.s.cloud.context.scope.GenericScope    [0;39m [2m:[0;39m BeanFactory id=a6c6ef65-b899-3fab-80d9-6ec99e64e6d2
[2m2018-06-19 23:28:45.346[0;39m [32m INFO[0;39m [35m77[0;39m [2m---[0;39m [2m[           main][0;39m [36mf.a.AutowiredAnnotationBeanPostProcessor[0;39m [2m:[0;39m JSR-330 'javax.inject.Inject' annotation found and supported for autowiring
[2m2018-06-19 23:28:46.436[0;39m [32m INFO[0;39m [35m77[0;39m [2m---[0;39m [2m[           main][0;39m [36mtrationDelegate$BeanPostProcessorChecker[0;39m [2m:[0;39m Bean 'org.springframework.transaction.annotation.ProxyTransactionManagementConfiguration' of type [org.springframework.transaction.annotation.ProxyTransactionManagementConfiguration$$EnhancerBySpringCGLIB$$9eba4753] is not eligible for getting processed by all BeanPostProcessors (for example: not eligible for auto-proxying)
[2m2018-06-19 23:28:47.409[0;39m [32m INFO[0;39m [35m77[0;39m [2m---[0;39m [2m[           main][0;39m [36mtrationDelegate$BeanPostProcessorChecker[0;39m [2m:[0;39m Bean 'org.springframework.cloud.netflix.metrics.MetricsInterceptorConfiguration$MetricsRestTemplateConfiguration' of type [org.springframework.cloud.netflix.metrics.MetricsInterceptorConfiguration$MetricsRestTemplateConfiguration$$EnhancerBySpringCGLIB$$d0e6ed94] is not eligible for getting processed by all BeanPostProcessors (for example: not eligible for auto-proxying)
[2m2018-06-19 23:28:47.466[0;39m [32m INFO[0;39m [35m77[0;39m [2m---[0;39m [2m[           main][0;39m [36mtrationDelegate$BeanPostProcessorChecker[0;39m [2m:[0;39m Bean 'org.springframework.cloud.autoconfigure.ConfigurationPropertiesRebinderAutoConfiguration' of type [org.springframework.cloud.autoconfigure.ConfigurationPropertiesRebinderAutoConfiguration$$EnhancerBySpringCGLIB$$bad44a50] is not eligible for getting processed by all BeanPostProcessors (for example: not eligible for auto-proxying)
[2m2018-06-19 23:28:49.344[0;39m [32m INFO[0;39m [35m77[0;39m [2m---[0;39m [2m[           main][0;39m [36ms.b.c.e.t.TomcatEmbeddedServletContainer[0;39m [2m:[0;39m Tomcat initialized with port(s): 8084 (http)
[2m2018-06-19 23:28:49.416[0;39m [32m INFO[0;39m [35m77[0;39m [2m---[0;39m [2m[           main][0;39m [36mo.apache.catalina.core.StandardService  [0;39m [2m:[0;39m Starting service [Tomcat]
[2m2018-06-19 23:28:49.417[0;39m [32m INFO[0;39m [35m77[0;39m [2m---[0;39m [2m[           main][0;39m [36morg.apache.catalina.core.StandardEngine [0;39m [2m:[0;39m Starting Servlet Engine: Apache Tomcat/8.5.23
[2m2018-06-19 23:28:50.810[0;39m [32m INFO[0;39m [35m77[0;39m [2m---[0;39m [2m[ost-startStop-1][0;39m [36mo.a.c.c.C.[Tomcat].[localhost].[/]      [0;39m [2m:[0;39m Initializing Spring embedded WebApplicationContext
[2m2018-06-19 23:28:50.811[0;39m [32m INFO[0;39m [35m77[0;39m [2m---[0;39m [2m[ost-startStop-1][0;39m [36mo.s.web.context.ContextLoader           [0;39m [2m:[0;39m Root WebApplicationContext: initialization completed in 12800 ms
[2m2018-06-19 23:28:53.390[0;39m [32m INFO[0;39m [35m77[0;39m [2m---[0;39m [2m[ost-startStop-1][0;39m [36mo.s.b.w.servlet.ServletRegistrationBean [0;39m [2m:[0;39m Mapping servlet: 'dispatcherServlet' to [/]
[2m2018-06-19 23:28:53.425[0;39m [32m INFO[0;39m [35m77[0;39m [2m---[0;39m [2m[ost-startStop-1][0;39m [36mo.s.b.w.servlet.FilterRegistrationBean  [0;39m [2m:[0;39m Mapping filter: 'metricsFilter' to: [/*]
[2m2018-06-19 23:28:53.428[0;39m [32m INFO[0;39m [35m77[0;39m [2m---[0;39m [2m[ost-startStop-1][0;39m [36mo.s.b.w.servlet.FilterRegistrationBean  [0;39m [2m:[0;39m Mapping filter: 'characterEncodingFilter' to: [/*]
[2m2018-06-19 23:28:53.429[0;39m [32m INFO[0;39m [35m77[0;39m [2m---[0;39m [2m[ost-startStop-1][0;39m [36mo.s.b.w.servlet.FilterRegistrationBean  [0;39m [2m:[0;39m Mapping filter: 'hiddenHttpMethodFilter' to: [/*]
[2m2018-06-19 23:28:53.438[0;39m [32m INFO[0;39m [35m77[0;39m [2m---[0;39m [2m[ost-startStop-1][0;39m [36mo.s.b.w.servlet.FilterRegistrationBean  [0;39m [2m:[0;39m Mapping filter: 'httpPutFormContentFilter' to: [/*]
[2m2018-06-19 23:28:53.439[0;39m [32m INFO[0;39m [35m77[0;39m [2m---[0;39m [2m[ost-startStop-1][0;39m [36mo.s.b.w.servlet.FilterRegistrationBean  [0;39m [2m:[0;39m Mapping filter: 'requestContextFilter' to: [/*]
[2m2018-06-19 23:28:53.439[0;39m [32m INFO[0;39m [35m77[0;39m [2m---[0;39m [2m[ost-startStop-1][0;39m [36mo.s.b.w.servlet.FilterRegistrationBean  [0;39m [2m:[0;39m Mapping filter: 'webRequestLoggingFilter' to: [/*]
[2m2018-06-19 23:28:53.443[0;39m [32m INFO[0;39m [35m77[0;39m [2m---[0;39m [2m[ost-startStop-1][0;39m [36mo.s.b.w.servlet.FilterRegistrationBean  [0;39m [2m:[0;39m Mapping filter: 'applicationContextIdFilter' to: [/*]
[2m2018-06-19 23:28:54.901[0;39m [32m INFO[0;39m [35m77[0;39m [2m---[0;39m [2m[           main][0;39m [36mo.f.core.internal.util.VersionPrinter   [0;39m [2m:[0;39m Flyway 3.2.1 by Boxfuse
[2m2018-06-19 23:28:55.411[0;39m [32m INFO[0;39m [35m77[0;39m [2m---[0;39m [2m[           main][0;39m [36mo.f.c.i.dbsupport.DbSupportFactory      [0;39m [2m:[0;39m Database: jdbc:postgresql://postgresdev:5432/pgdev (PostgreSQL 10.4)
[2m2018-06-19 23:28:55.605[0;39m [33m WARN[0;39m [35m77[0;39m [2m---[0;39m [2m[           main][0;39m [36mationConfigEmbeddedWebApplicationContext[0;39m [2m:[0;39m Exception encountered during context initialization - cancelling refresh attempt: org.springframework.beans.factory.BeanCreationException: Error creating bean with name 'flywayInitializer' defined in class path resource [org/springframework/boot/autoconfigure/flyway/FlywayAutoConfiguration$FlywayConfiguration.class]: Invocation of init method failed; nested exception is org.flywaydb.core.api.FlywayException: Unable to scan for SQL migrations in location: classpath:db/migration
[2m2018-06-19 23:28:55.614[0;39m [32m INFO[0;39m [35m77[0;39m [2m---[0;39m [2m[           main][0;39m [36mo.apache.catalina.core.StandardService  [0;39m [2m:[0;39m Stopping service [Tomcat]
[2m2018-06-19 23:28:55.718[0;39m [32m INFO[0;39m [35m77[0;39m [2m---[0;39m [2m[           main][0;39m [36mutoConfigurationReportLoggingInitializer[0;39m [2m:[0;39m 

Error starting ApplicationContext. To display the auto-configuration report re-run your application with 'debug' enabled.
[2m2018-06-19 23:28:55.779[0;39m [31mERROR[0;39m [35m77[0;39m [2m---[0;39m [2m[           main][0;39m [36mo.s.boot.SpringApplication              [0;39m [2m:[0;39m Application startup failed

org.springframework.beans.factory.BeanCreationException: Error creating bean with name 'flywayInitializer' defined in class path resource [org/springframework/boot/autoconfigure/flyway/FlywayAutoConfiguration$FlywayConfiguration.class]: Invocation of init method failed; nested exception is org.flywaydb.core.api.FlywayException: Unable to scan for SQL migrations in location: classpath:db/migration
	at org.springframework.beans.factory.support.AbstractAutowireCapableBeanFactory.initializeBean(AbstractAutowireCapableBeanFactory.java:1628) ~[spring-beans-4.3.12.RELEASE.jar:4.3.12.RELEASE]
	at org.springframework.beans.factory.support.AbstractAutowireCapableBeanFactory.doCreateBean(AbstractAutowireCapableBeanFactory.java:555) ~[spring-beans-4.3.12.RELEASE.jar:4.3.12.RELEASE]
	at org.springframework.beans.factory.support.AbstractAutowireCapableBeanFactory.createBean(AbstractAutowireCapableBeanFactory.java:483) ~[spring-beans-4.3.12.RELEASE.jar:4.3.12.RELEASE]
	at org.springframework.beans.factory.support.AbstractBeanFactory$1.getObject(AbstractBeanFactory.java:306) ~[spring-beans-4.3.12.RELEASE.jar:4.3.12.RELEASE]
	at org.springframework.beans.factory.support.DefaultSingletonBeanRegistry.getSingleton(DefaultSingletonBeanRegistry.java:230) ~[spring-beans-4.3.12.RELEASE.jar:4.3.12.RELEASE]
	at org.springframework.beans.factory.support.AbstractBeanFactory.doGetBean(AbstractBeanFactory.java:302) ~[spring-beans-4.3.12.RELEASE.jar:4.3.12.RELEASE]
	at org.springframework.beans.factory.support.AbstractBeanFactory.getBean(AbstractBeanFactory.java:197) ~[spring-beans-4.3.12.RELEASE.jar:4.3.12.RELEASE]
	at org.springframework.beans.factory.support.AbstractBeanFactory.doGetBean(AbstractBeanFactory.java:296) ~[spring-beans-4.3.12.RELEASE.jar:4.3.12.RELEASE]
	at org.springframework.beans.factory.support.AbstractBeanFactory.getBean(AbstractBeanFactory.java:197) ~[spring-beans-4.3.12.RELEASE.jar:4.3.12.RELEASE]
	at org.springframework.context.support.AbstractApplicationContext.getBean(AbstractApplicationContext.java:1078) ~[spring-context-4.3.12.RELEASE.jar:4.3.12.RELEASE]
	at org.springframework.context.support.AbstractApplicationContext.finishBeanFactoryInitialization(AbstractApplicationContext.java:857) ~[spring-context-4.3.12.RELEASE.jar:4.3.12.RELEASE]
	at org.springframework.context.support.AbstractApplicationContext.refresh(AbstractApplicationContext.java:543) ~[spring-context-4.3.12.RELEASE.jar:4.3.12.RELEASE]
	at org.springframework.boot.context.embedded.EmbeddedWebApplicationContext.refresh(EmbeddedWebApplicationContext.java:122) ~[spring-boot-1.5.8.RELEASE.jar:1.5.8.RELEASE]
	at org.springframework.boot.SpringApplication.refresh(SpringApplication.java:693) [spring-boot-1.5.8.RELEASE.jar:1.5.8.RELEASE]
	at org.springframework.boot.SpringApplication.refreshContext(SpringApplication.java:360) [spring-boot-1.5.8.RELEASE.jar:1.5.8.RELEASE]
	at org.springframework.boot.SpringApplication.run(SpringApplication.java:303) [spring-boot-1.5.8.RELEASE.jar:1.5.8.RELEASE]
	at org.springframework.boot.SpringApplication.run(SpringApplication.java:1118) [spring-boot-1.5.8.RELEASE.jar:1.5.8.RELEASE]
	at org.springframework.boot.SpringApplication.run(SpringApplication.java:1107) [spring-boot-1.5.8.RELEASE.jar:1.5.8.RELEASE]
	at com.example.postsapi.PostsApi.main(PostsApi.java:12) [main/:na]
Caused by: org.flywaydb.core.api.FlywayException: Unable to scan for SQL migrations in location: classpath:db/migration
	at org.flywaydb.core.internal.util.scanner.Scanner.scanForResources(Scanner.java:55) ~[flyway-core-3.2.1.jar:na]
	at org.flywaydb.core.internal.resolver.sql.SqlMigrationResolver.resolveMigrations(SqlMigrationResolver.java:110) ~[flyway-core-3.2.1.jar:na]
	at org.flywaydb.core.internal.resolver.sql.SqlMigrationResolver.resolveMigrations(SqlMigrationResolver.java:41) ~[flyway-core-3.2.1.jar:na]
	at org.flywaydb.core.internal.resolver.CompositeMigrationResolver.collectMigrations(CompositeMigrationResolver.java:126) ~[flyway-core-3.2.1.jar:na]
	at org.flywaydb.core.internal.resolver.CompositeMigrationResolver.doFindAvailableMigrations(CompositeMigrationResolver.java:108) ~[flyway-core-3.2.1.jar:na]
	at org.flywaydb.core.internal.resolver.CompositeMigrationResolver.resolveMigrations(CompositeMigrationResolver.java:94) ~[flyway-core-3.2.1.jar:na]
	at org.flywaydb.core.internal.resolver.CompositeMigrationResolver.resolveMigrations(CompositeMigrationResolver.java:42) ~[flyway-core-3.2.1.jar:na]
	at org.flywaydb.core.internal.info.MigrationInfoServiceImpl.refresh(MigrationInfoServiceImpl.java:96) ~[flyway-core-3.2.1.jar:na]
	at org.flywaydb.core.internal.command.DbValidate$2.doInTransaction(DbValidate.java:136) ~[flyway-core-3.2.1.jar:na]
	at org.flywaydb.core.internal.command.DbValidate$2.doInTransaction(DbValidate.java:131) ~[flyway-core-3.2.1.jar:na]
	at org.flywaydb.core.internal.util.jdbc.TransactionTemplate.execute(TransactionTemplate.java:72) ~[flyway-core-3.2.1.jar:na]
	at org.flywaydb.core.internal.command.DbValidate.validate(DbValidate.java:131) ~[flyway-core-3.2.1.jar:na]
	at org.flywaydb.core.Flyway.doValidate(Flyway.java:1102) ~[flyway-core-3.2.1.jar:na]
	at org.flywaydb.core.Flyway.access$300(Flyway.java:62) ~[flyway-core-3.2.1.jar:na]
	at org.flywaydb.core.Flyway$1.execute(Flyway.java:1012) ~[flyway-core-3.2.1.jar:na]
	at org.flywaydb.core.Flyway$1.execute(Flyway.java:1006) ~[flyway-core-3.2.1.jar:na]
	at org.flywaydb.core.Flyway.execute(Flyway.java:1418) ~[flyway-core-3.2.1.jar:na]
	at org.flywaydb.core.Flyway.migrate(Flyway.java:1006) ~[flyway-core-3.2.1.jar:na]
	at org.springframework.boot.autoconfigure.flyway.FlywayMigrationInitializer.afterPropertiesSet(FlywayMigrationInitializer.java:66) ~[spring-boot-autoconfigure-1.5.8.RELEASE.jar:1.5.8.RELEASE]
	at org.springframework.beans.factory.support.AbstractAutowireCapableBeanFactory.invokeInitMethods(AbstractAutowireCapableBeanFactory.java:1687) ~[spring-beans-4.3.12.RELEASE.jar:4.3.12.RELEASE]
	at org.springframework.beans.factory.support.AbstractAutowireCapableBeanFactory.initializeBean(AbstractAutowireCapableBeanFactory.java:1624) ~[spring-beans-4.3.12.RELEASE.jar:4.3.12.RELEASE]
	... 18 common frames omitted
Caused by: org.flywaydb.core.api.FlywayException: Unable to determine URL for classpath location: db/migration (ClassLoader: sun.misc.Launcher$AppClassLoader@73d16e93)
	at org.flywaydb.core.internal.util.scanner.classpath.ClassPathScanner.getLocationUrlsForPath(ClassPathScanner.java:192) ~[flyway-core-3.2.1.jar:na]
	at org.flywaydb.core.internal.util.scanner.classpath.ClassPathScanner.findResourceNames(ClassPathScanner.java:148) ~[flyway-core-3.2.1.jar:na]
	at org.flywaydb.core.internal.util.scanner.classpath.ClassPathScanner.scanForResources(ClassPathScanner.java:73) ~[flyway-core-3.2.1.jar:na]
	at org.flywaydb.core.internal.util.scanner.Scanner.scanForResources(Scanner.java:53) ~[flyway-core-3.2.1.jar:na]
	... 38 common frames omitted

:bootRun FAILED

FAILURE: Build failed with an exception.

* What went wrong:
Execution failed for task ':bootRun'.
> Process 'command '/opt/jdk1.8.0_172/bin/java'' finished with non-zero exit value 1

* Try:
Run with --stacktrace option to get the stack trace. Run with --info or --debug option to get more log output. Run with --scan to get full insights.

* Get more help at https://help.gradle.org

BUILD FAILED in 1m 34s
4 actionable tasks: 3 executed, 1 up-to-date
23:28:56.047 [DEBUG] [org.gradle.launcher.daemon.server.exec.ExecuteBuild] The daemon has finished executing the build.
23:28:56.063 [DEBUG] [org.gradle.launcher.daemon.server.DaemonStateCoordinator] daemon is running. Sleeping until state changes.
23:28:56.075 [DEBUG] [org.gradle.launcher.daemon.server.DaemonStateCoordinator] Command execution: finished waiting for DaemonCommandExecution[command = Build{id=e27f9b23-74f3-44bd-947d-4f57142f37b2.1, currentDir=/posts-api}, connection = DefaultDaemonConnection: socket connection from /127.0.0.1:35333 to /127.0.0.1:33582]. Result org.gradle.launcher.daemon.server.DaemonStateCoordinator@2893a6ca with state Busy
23:28:56.078 [DEBUG] [org.gradle.launcher.daemon.server.DaemonStateCoordinator] Command execution: completed DaemonCommandExecution[command = Build{id=e27f9b23-74f3-44bd-947d-4f57142f37b2.1, currentDir=/posts-api}, connection = DefaultDaemonConnection: socket connection from /127.0.0.1:35333 to /127.0.0.1:33582]
23:28:56.081 [DEBUG] [org.gradle.launcher.daemon.server.DaemonStateCoordinator] resetting idle timer
23:28:56.083 [INFO] [org.gradle.launcher.daemon.server.DaemonRegistryUpdater] Marking the daemon as idle, address: [44b8e5ca-ed47-48f8-b0f4-7d9790c063fa port:35333, addresses:[/127.0.0.1]]
23:28:56.093 [DEBUG] [org.gradle.launcher.daemon.registry.PersistentDaemonRegistry] Marking busy by address: [44b8e5ca-ed47-48f8-b0f4-7d9790c063fa port:35333, addresses:[/127.0.0.1]]
23:28:56.139 [DEBUG] [org.gradle.cache.internal.DefaultFileLockManager] Waiting to acquire exclusive lock on daemon addresses registry.
23:28:56.155 [DEBUG] [org.gradle.cache.internal.DefaultFileLockManager] Lock acquired on daemon addresses registry.
23:28:56.175 [DEBUG] [org.gradle.cache.internal.DefaultFileLockManager] Releasing lock on daemon addresses registry.
23:28:56.181 [DEBUG] [org.gradle.launcher.daemon.server.DaemonStateCoordinator] daemon is running. Sleeping until state changes.
23:28:56.182 [DEBUG] [org.gradle.launcher.daemon.server.exec.ReturnResult] Daemon is dispatching the build result: Failure[value=org.gradle.initialization.ReportedException: org.gradle.internal.exceptions.LocationAwareException: Execution failed for task ':bootRun'.]
23:28:56.185 [DEBUG] [org.gradle.launcher.daemon.server.SynchronizedDispatchConnection] thread 14: dispatching class org.gradle.launcher.daemon.protocol.Failure
23:28:56.275 [DEBUG] [org.gradle.launcher.daemon.server.DefaultIncomingConnectionHandler] Finishing executing command: Build{id=e27f9b23-74f3-44bd-947d-4f57142f37b2.1, currentDir=/posts-api}
23:28:56.401 [DEBUG] [org.gradle.launcher.daemon.server.SynchronizedDispatchConnection] thread 15: received class org.gradle.launcher.daemon.protocol.Finished
23:28:56.409 [DEBUG] [org.gradle.launcher.daemon.server.DefaultDaemonConnection] thread 15: Received non-IO message from client: org.gradle.launcher.daemon.protocol.Finished@7150d61f
23:28:56.414 [DEBUG] [org.gradle.internal.remote.internal.inet.SocketConnection] Discarding EOFException: java.io.EOFException
23:28:56.418 [DEBUG] [org.gradle.launcher.daemon.server.SynchronizedDispatchConnection] thread 15: received null
23:28:56.422 [DEBUG] [org.gradle.launcher.daemon.server.DefaultDaemonConnection] thread 15: Received end-of-input from client.
23:28:56.414 [DEBUG] [org.gradle.launcher.daemon.server.DefaultIncomingConnectionHandler] Received finished message: org.gradle.launcher.daemon.protocol.Finished@7150d61f
23:28:56.428 [DEBUG] [org.gradle.launcher.daemon.server.SynchronizedDispatchConnection] thread 14: stopping connection
23:28:56.434 [DEBUG] [org.gradle.launcher.daemon.server.SynchronizedDispatchConnection] thread 14: stopping connection
