11:06:14.829 [DEBUG] [org.gradle.launcher.daemon.bootstrap.DaemonMain] Assuming the daemon was started with following jvm opts: [-XX:+HeapDumpOnOutOfMemoryError, -Xmx1024m, -Dfile.encoding=UTF-8, -Duser.country, -Duser.language=en, -Duser.variant]
11:06:15.031 [INFO] [org.gradle.launcher.daemon.server.Daemon] start() called on daemon - DefaultDaemonContext[uid=aed772db-668e-4867-b735-95f28496aa78,javaHome=/opt/jdk1.8.0_172,daemonRegistryDir=/api-gateway/cache/daemon,pid=31,idleTimeout=10800000,daemonOpts=-XX:+HeapDumpOnOutOfMemoryError,-Xmx1024m,-Dfile.encoding=UTF-8,-Duser.country,-Duser.language=en,-Duser.variant]
11:06:15.074 [DEBUG] [org.gradle.internal.remote.internal.inet.InetAddresses] Adding IP addresses for network interface eth0
11:06:15.077 [DEBUG] [org.gradle.internal.remote.internal.inet.InetAddresses] Is this a loopback interface? false
11:06:15.081 [DEBUG] [org.gradle.internal.remote.internal.inet.InetAddresses] Is this a multicast interface? true
11:06:15.084 [DEBUG] [org.gradle.internal.remote.internal.inet.InetAddresses] Adding remote address /172.18.0.5
11:06:15.086 [DEBUG] [org.gradle.internal.remote.internal.inet.InetAddresses] Adding remote multicast interface eth0
11:06:15.090 [DEBUG] [org.gradle.internal.remote.internal.inet.InetAddresses] Adding IP addresses for network interface lo
11:06:15.103 [DEBUG] [org.gradle.internal.remote.internal.inet.InetAddresses] Is this a loopback interface? true
11:06:15.105 [DEBUG] [org.gradle.internal.remote.internal.inet.InetAddresses] Is this a multicast interface? false
11:06:15.109 [DEBUG] [org.gradle.internal.remote.internal.inet.InetAddresses] Adding loopback address /127.0.0.1
11:06:15.115 [DEBUG] [org.gradle.internal.remote.internal.inet.TcpIncomingConnector] Listening on [1cb542a2-e57f-455c-afa3-3451e8d10f43 port:33783, addresses:[/127.0.0.1]].
11:06:15.122 [DEBUG] [org.gradle.launcher.daemon.server.Daemon] Daemon starting at: Wed Jun 13 11:06:15 GMT 2018, with address: [1cb542a2-e57f-455c-afa3-3451e8d10f43 port:33783, addresses:[/127.0.0.1]]
11:06:15.135 [INFO] [org.gradle.launcher.daemon.server.DaemonRegistryUpdater] Advertising the daemon address to the clients: [1cb542a2-e57f-455c-afa3-3451e8d10f43 port:33783, addresses:[/127.0.0.1]]
11:06:15.137 [DEBUG] [org.gradle.launcher.daemon.server.DaemonRegistryUpdater] Advertised daemon context: DefaultDaemonContext[uid=aed772db-668e-4867-b735-95f28496aa78,javaHome=/opt/jdk1.8.0_172,daemonRegistryDir=/api-gateway/cache/daemon,pid=31,idleTimeout=10800000,daemonOpts=-XX:+HeapDumpOnOutOfMemoryError,-Xmx1024m,-Dfile.encoding=UTF-8,-Duser.country,-Duser.language=en,-Duser.variant]
11:06:15.141 [DEBUG] [org.gradle.launcher.daemon.registry.PersistentDaemonRegistry] Storing daemon address: [1cb542a2-e57f-455c-afa3-3451e8d10f43 port:33783, addresses:[/127.0.0.1]], context: DefaultDaemonContext[uid=aed772db-668e-4867-b735-95f28496aa78,javaHome=/opt/jdk1.8.0_172,daemonRegistryDir=/api-gateway/cache/daemon,pid=31,idleTimeout=10800000,daemonOpts=-XX:+HeapDumpOnOutOfMemoryError,-Xmx1024m,-Dfile.encoding=UTF-8,-Duser.country,-Duser.language=en,-Duser.variant]
11:06:15.177 [DEBUG] [org.gradle.cache.internal.DefaultFileLockManager] Waiting to acquire exclusive lock on daemon addresses registry.
11:06:15.188 [DEBUG] [org.gradle.cache.internal.DefaultFileLockManager] Lock acquired on daemon addresses registry.
11:06:15.209 [DEBUG] [org.gradle.cache.internal.DefaultFileLockManager] Releasing lock on daemon addresses registry.
11:06:15.215 [LIFECYCLE] [org.gradle.launcher.daemon.server.Daemon] Daemon server started.
11:06:15.220 [DEBUG] [org.gradle.launcher.daemon.bootstrap.DaemonStartupCommunication] Completed writing the daemon greeting. Closing streams...
11:06:15.232 [DEBUG] [org.gradle.launcher.daemon.server.Daemon] stopOnExpiration() called on daemon
11:06:15.237 [DEBUG] [org.gradle.launcher.daemon.server.Daemon] awaitExpiration() called on daemon
11:06:15.240 [DEBUG] [org.gradle.launcher.daemon.server.DaemonStateCoordinator] daemon is running. Sleeping until state changes.
11:06:15.258 [DEBUG] [org.gradle.internal.remote.internal.inet.TcpIncomingConnector] Accepted connection from /127.0.0.1:58790 to /127.0.0.1:33783.
11:06:15.480 [DEBUG] [org.gradle.launcher.daemon.server.SynchronizedDispatchConnection] thread 15: received class org.gradle.launcher.daemon.protocol.Build
11:06:15.483 [DEBUG] [org.gradle.launcher.daemon.server.DefaultDaemonConnection] thread 15: Received non-IO message from client: Build{id=93562bf4-0f8e-49e9-9f89-2749b754ac7f.1, currentDir=/api-gateway}
11:06:15.486 [INFO] [org.gradle.launcher.daemon.server.DefaultIncomingConnectionHandler] Received command: Build{id=93562bf4-0f8e-49e9-9f89-2749b754ac7f.1, currentDir=/api-gateway}.
11:06:15.488 [DEBUG] [org.gradle.launcher.daemon.server.DefaultIncomingConnectionHandler] Starting executing command: Build{id=93562bf4-0f8e-49e9-9f89-2749b754ac7f.1, currentDir=/api-gateway} with connection: socket connection from /127.0.0.1:33783 to /127.0.0.1:58790.
11:06:15.493 [ERROR] [org.gradle.launcher.daemon.server.DaemonStateCoordinator] Command execution: started DaemonCommandExecution[command = Build{id=93562bf4-0f8e-49e9-9f89-2749b754ac7f.1, currentDir=/api-gateway}, connection = DefaultDaemonConnection: socket connection from /127.0.0.1:33783 to /127.0.0.1:58790] after 0.0 minutes of idle
11:06:15.495 [INFO] [org.gradle.launcher.daemon.server.DaemonRegistryUpdater] Marking the daemon as busy, address: [1cb542a2-e57f-455c-afa3-3451e8d10f43 port:33783, addresses:[/127.0.0.1]]
11:06:15.497 [DEBUG] [org.gradle.launcher.daemon.registry.PersistentDaemonRegistry] Marking busy by address: [1cb542a2-e57f-455c-afa3-3451e8d10f43 port:33783, addresses:[/127.0.0.1]]
11:06:15.507 [DEBUG] [org.gradle.cache.internal.DefaultFileLockManager] Waiting to acquire exclusive lock on daemon addresses registry.
11:06:15.511 [DEBUG] [org.gradle.cache.internal.DefaultFileLockManager] Lock acquired on daemon addresses registry.
11:06:15.522 [DEBUG] [org.gradle.cache.internal.DefaultFileLockManager] Releasing lock on daemon addresses registry.
11:06:15.528 [DEBUG] [org.gradle.launcher.daemon.server.DaemonStateCoordinator] resetting idle timer
11:06:15.530 [DEBUG] [org.gradle.launcher.daemon.server.DaemonStateCoordinator] daemon is running. Sleeping until state changes.
11:06:15.532 [INFO] [org.gradle.launcher.daemon.server.exec.StartBuildOrRespondWithBusy] Daemon is about to start building Build{id=93562bf4-0f8e-49e9-9f89-2749b754ac7f.1, currentDir=/api-gateway}. Dispatching build started information...
11:06:15.557 [DEBUG] [org.gradle.launcher.daemon.server.SynchronizedDispatchConnection] thread 17: dispatching class org.gradle.launcher.daemon.protocol.BuildStarted
11:06:15.575 [DEBUG] [org.gradle.launcher.daemon.server.exec.EstablishBuildEnvironment] Configuring env variables: {PATH=/usr/local/sbin:/usr/local/bin:/usr/sbin:/usr/bin:/sbin:/bin:/opt/jdk/bin, JAVA_JCE=unlimited, SPRING_PROFILES_ACTIVE=dev, JAVA_HOME=/opt/jdk, OLDPWD=/api-gateway, GLIBC_VERSION=2.27-r0, LANG=C.UTF-8, JAVA_VERSION_MAJOR=8, GRADLE_USER_HOME=cache, HOSTNAME=3a13bcffd178, GLIBC_REPO=https://github.com/sgerrand/alpine-pkg-glibc, JAVA_VERSION_MINOR=172, PWD=/api-gateway, JAVA_PACKAGE=jdk, JAVA_VERSION_BUILD=11, HOME=/root, SHLVL=1}
11:06:15.595 [DEBUG] [org.gradle.launcher.daemon.server.SynchronizedDispatchConnection] thread 15: received class org.gradle.launcher.daemon.protocol.CloseInput
11:06:15.598 [DEBUG] [org.gradle.launcher.daemon.server.DefaultDaemonConnection] thread 15: Received IO message from client: org.gradle.launcher.daemon.protocol.CloseInput@1fcbc148
11:06:15.596 [DEBUG] [org.gradle.launcher.daemon.server.exec.LogToClient] About to start relaying all logs to the client via the connection.
11:06:15.610 [INFO] [org.gradle.launcher.daemon.server.exec.LogToClient] The client will now receive all logging from the daemon (pid: 31). The daemon log file: /api-gateway/cache/daemon/4.5.1/daemon-31.out.log
11:06:15.617 [INFO] [org.gradle.launcher.daemon.server.exec.LogAndCheckHealth] Starting build in new daemon [memory: 954.7 MB]
11:06:15.625 [INFO] [org.gradle.launcher.daemon.server.exec.ForwardClientInput] Closing daemon's stdin at end of input.
11:06:15.640 [INFO] [org.gradle.launcher.daemon.server.exec.ForwardClientInput] The daemon will no longer process any standard input.
11:06:15.639 [DEBUG] [org.gradle.launcher.daemon.server.exec.ExecuteBuild] The daemon has started executing the build.
11:06:15.649 [DEBUG] [org.gradle.launcher.daemon.server.exec.ExecuteBuild] Executing build with daemon context: DefaultDaemonContext[uid=aed772db-668e-4867-b735-95f28496aa78,javaHome=/opt/jdk1.8.0_172,daemonRegistryDir=/api-gateway/cache/daemon,pid=31,idleTimeout=10800000,daemonOpts=-XX:+HeapDumpOnOutOfMemoryError,-Xmx1024m,-Dfile.encoding=UTF-8,-Duser.country,-Duser.language=en,-Duser.variant]
:compileJava
:processResources UP-TO-DATE
:classes
:bootRun
2018-06-13 11:06:47.643  INFO 76 --- [           main] s.c.a.AnnotationConfigApplicationContext : Refreshing org.springframework.context.annotation.AnnotationConfigApplicationContext@6ca8564a: startup date [Wed Jun 13 11:06:47 GMT 2018]; root of context hierarchy
2018-06-13 11:06:49.413  INFO 76 --- [           main] f.a.AutowiredAnnotationBeanPostProcessor : JSR-330 'javax.inject.Inject' annotation found and supported for autowiring
2018-06-13 11:06:49.646  INFO 76 --- [           main] trationDelegate$BeanPostProcessorChecker : Bean 'configurationPropertiesRebinderAutoConfiguration' of type [org.springframework.cloud.autoconfigure.ConfigurationPropertiesRebinderAutoConfiguration$$EnhancerBySpringCGLIB$$70b8a90e] is not eligible for getting processed by all BeanPostProcessors (for example: not eligible for auto-proxying)

  .   ____          _            __ _ _
 /\\ / ___'_ __ _ _(_)_ __  __ _ \ \ \ \
( ( )\___ | '_ | '_| | '_ \/ _` | \ \ \ \
 \\/  ___)| |_)| | | | | || (_| |  ) ) ) )
  '  |____| .__|_| |_|_| |_\__, | / / / /
 =========|_|==============|___/=/_/_/_/
[32m :: Spring Boot :: [39m      [2m (v1.5.8.RELEASE)[0;39m

[2m2018-06-13 11:06:50.936[0;39m [32m INFO[0;39m [35m76[0;39m [2m---[0;39m [2m[           main][0;39m [36mc.e.apigateway.ZuulGatewayApplication   [0;39m [2m:[0;39m The following profiles are active: dev
[2m2018-06-13 11:06:51.068[0;39m [32m INFO[0;39m [35m76[0;39m [2m---[0;39m [2m[           main][0;39m [36mationConfigEmbeddedWebApplicationContext[0;39m [2m:[0;39m Refreshing org.springframework.boot.context.embedded.AnnotationConfigEmbeddedWebApplicationContext@52c3cb31: startup date [Wed Jun 13 11:06:51 GMT 2018]; parent: org.springframework.context.annotation.AnnotationConfigApplicationContext@6ca8564a
[2m2018-06-13 11:06:54.351[0;39m [32m INFO[0;39m [35m76[0;39m [2m---[0;39m [2m[           main][0;39m [36mo.s.b.f.s.DefaultListableBeanFactory    [0;39m [2m:[0;39m Overriding bean definition for bean 'counterFactory' with a different definition: replacing [Root bean: class [null]; scope=; abstract=false; lazyInit=false; autowireMode=3; dependencyCheck=0; autowireCandidate=true; primary=false; factoryBeanName=org.springframework.cloud.netflix.zuul.ZuulServerAutoConfiguration$ZuulMetricsConfiguration; factoryMethodName=counterFactory; initMethodName=null; destroyMethodName=(inferred); defined in class path resource [org/springframework/cloud/netflix/zuul/ZuulServerAutoConfiguration$ZuulMetricsConfiguration.class]] with [Root bean: class [null]; scope=; abstract=false; lazyInit=false; autowireMode=3; dependencyCheck=0; autowireCandidate=true; primary=false; factoryBeanName=org.springframework.cloud.netflix.zuul.ZuulServerAutoConfiguration$ZuulCounterFactoryConfiguration; factoryMethodName=counterFactory; initMethodName=null; destroyMethodName=(inferred); defined in class path resource [org/springframework/cloud/netflix/zuul/ZuulServerAutoConfiguration$ZuulCounterFactoryConfiguration.class]]
[2m2018-06-13 11:06:55.186[0;39m [32m INFO[0;39m [35m76[0;39m [2m---[0;39m [2m[           main][0;39m [36mo.s.cloud.context.scope.GenericScope    [0;39m [2m:[0;39m BeanFactory id=5c5be6c0-6a04-34a4-9269-2bc636fa9a12
[2m2018-06-13 11:06:55.241[0;39m [32m INFO[0;39m [35m76[0;39m [2m---[0;39m [2m[           main][0;39m [36mf.a.AutowiredAnnotationBeanPostProcessor[0;39m [2m:[0;39m JSR-330 'javax.inject.Inject' annotation found and supported for autowiring
[2m2018-06-13 11:06:55.727[0;39m [32m INFO[0;39m [35m76[0;39m [2m---[0;39m [2m[           main][0;39m [36mtrationDelegate$BeanPostProcessorChecker[0;39m [2m:[0;39m Bean 'org.springframework.cloud.netflix.metrics.MetricsInterceptorConfiguration$MetricsRestTemplateConfiguration' of type [org.springframework.cloud.netflix.metrics.MetricsInterceptorConfiguration$MetricsRestTemplateConfiguration$$EnhancerBySpringCGLIB$$86cb4c52] is not eligible for getting processed by all BeanPostProcessors (for example: not eligible for auto-proxying)
[2m2018-06-13 11:06:56.241[0;39m [32m INFO[0;39m [35m76[0;39m [2m---[0;39m [2m[           main][0;39m [36mtrationDelegate$BeanPostProcessorChecker[0;39m [2m:[0;39m Bean 'org.springframework.cloud.autoconfigure.ConfigurationPropertiesRebinderAutoConfiguration' of type [org.springframework.cloud.autoconfigure.ConfigurationPropertiesRebinderAutoConfiguration$$EnhancerBySpringCGLIB$$70b8a90e] is not eligible for getting processed by all BeanPostProcessors (for example: not eligible for auto-proxying)
[2m2018-06-13 11:06:57.578[0;39m [32m INFO[0;39m [35m76[0;39m [2m---[0;39m [2m[           main][0;39m [36ms.b.c.e.t.TomcatEmbeddedServletContainer[0;39m [2m:[0;39m Tomcat initialized with port(s): 8080 (http)
[2m2018-06-13 11:06:57.600[0;39m [32m INFO[0;39m [35m76[0;39m [2m---[0;39m [2m[           main][0;39m [36mo.apache.catalina.core.StandardService  [0;39m [2m:[0;39m Starting service [Tomcat]
[2m2018-06-13 11:06:57.602[0;39m [32m INFO[0;39m [35m76[0;39m [2m---[0;39m [2m[           main][0;39m [36morg.apache.catalina.core.StandardEngine [0;39m [2m:[0;39m Starting Servlet Engine: Apache Tomcat/8.5.23
[2m2018-06-13 11:06:58.780[0;39m [32m INFO[0;39m [35m76[0;39m [2m---[0;39m [2m[ost-startStop-1][0;39m [36mo.a.c.c.C.[Tomcat].[localhost].[/]      [0;39m [2m:[0;39m Initializing Spring embedded WebApplicationContext
[2m2018-06-13 11:06:58.781[0;39m [32m INFO[0;39m [35m76[0;39m [2m---[0;39m [2m[ost-startStop-1][0;39m [36mo.s.web.context.ContextLoader           [0;39m [2m:[0;39m Root WebApplicationContext: initialization completed in 7713 ms
[2m2018-06-13 11:07:02.855[0;39m [32m INFO[0;39m [35m76[0;39m [2m---[0;39m [2m[ost-startStop-1][0;39m [36mo.s.b.w.servlet.ServletRegistrationBean [0;39m [2m:[0;39m Mapping servlet: 'dispatcherServlet' to [/]
[2m2018-06-13 11:07:02.863[0;39m [32m INFO[0;39m [35m76[0;39m [2m---[0;39m [2m[ost-startStop-1][0;39m [36mo.s.b.w.servlet.ServletRegistrationBean [0;39m [2m:[0;39m Mapping servlet: 'zuulServlet' to [/zuul/*]
[2m2018-06-13 11:07:02.893[0;39m [32m INFO[0;39m [35m76[0;39m [2m---[0;39m [2m[ost-startStop-1][0;39m [36mo.s.b.w.servlet.FilterRegistrationBean  [0;39m [2m:[0;39m Mapping filter: 'metricsFilter' to: [/*]
[2m2018-06-13 11:07:02.894[0;39m [32m INFO[0;39m [35m76[0;39m [2m---[0;39m [2m[ost-startStop-1][0;39m [36mo.s.b.w.servlet.FilterRegistrationBean  [0;39m [2m:[0;39m Mapping filter: 'characterEncodingFilter' to: [/*]
[2m2018-06-13 11:07:02.895[0;39m [32m INFO[0;39m [35m76[0;39m [2m---[0;39m [2m[ost-startStop-1][0;39m [36mo.s.b.w.servlet.FilterRegistrationBean  [0;39m [2m:[0;39m Mapping filter: 'hiddenHttpMethodFilter' to: [/*]
[2m2018-06-13 11:07:02.895[0;39m [32m INFO[0;39m [35m76[0;39m [2m---[0;39m [2m[ost-startStop-1][0;39m [36mo.s.b.w.servlet.FilterRegistrationBean  [0;39m [2m:[0;39m Mapping filter: 'httpPutFormContentFilter' to: [/*]
[2m2018-06-13 11:07:02.895[0;39m [32m INFO[0;39m [35m76[0;39m [2m---[0;39m [2m[ost-startStop-1][0;39m [36mo.s.b.w.servlet.FilterRegistrationBean  [0;39m [2m:[0;39m Mapping filter: 'requestContextFilter' to: [/*]
[2m2018-06-13 11:07:02.896[0;39m [32m INFO[0;39m [35m76[0;39m [2m---[0;39m [2m[ost-startStop-1][0;39m [36mo.s.b.w.servlet.FilterRegistrationBean  [0;39m [2m:[0;39m Mapping filter: 'webRequestLoggingFilter' to: [/*]
[2m2018-06-13 11:07:02.896[0;39m [32m INFO[0;39m [35m76[0;39m [2m---[0;39m [2m[ost-startStop-1][0;39m [36mo.s.b.w.servlet.FilterRegistrationBean  [0;39m [2m:[0;39m Mapping filter: 'corsFilter' to: [/*]
[2m2018-06-13 11:07:02.896[0;39m [32m INFO[0;39m [35m76[0;39m [2m---[0;39m [2m[ost-startStop-1][0;39m [36mo.s.b.w.servlet.FilterRegistrationBean  [0;39m [2m:[0;39m Mapping filter: 'applicationContextIdFilter' to: [/*]
[2m2018-06-13 11:07:04.369[0;39m [33m WARN[0;39m [35m76[0;39m [2m---[0;39m [2m[           main][0;39m [36mc.n.c.sources.URLConfigurationSource    [0;39m [2m:[0;39m No URLs will be polled as dynamic configuration sources.
[2m2018-06-13 11:07:04.370[0;39m [32m INFO[0;39m [35m76[0;39m [2m---[0;39m [2m[           main][0;39m [36mc.n.c.sources.URLConfigurationSource    [0;39m [2m:[0;39m To enable URLs as dynamic configuration sources, define System property archaius.configurationSource.additionalUrls or make config.properties available on classpath.
[2m2018-06-13 11:07:04.415[0;39m [32m INFO[0;39m [35m76[0;39m [2m---[0;39m [2m[           main][0;39m [36mc.netflix.config.DynamicPropertyFactory [0;39m [2m:[0;39m DynamicPropertyFactory is initialized with configuration sources: com.netflix.config.ConcurrentCompositeConfiguration@7fe82967
[2m2018-06-13 11:07:06.513[0;39m [33m WARN[0;39m [35m76[0;39m [2m---[0;39m [2m[           main][0;39m [36mc.n.c.sources.URLConfigurationSource    [0;39m [2m:[0;39m No URLs will be polled as dynamic configuration sources.
[2m2018-06-13 11:07:06.514[0;39m [32m INFO[0;39m [35m76[0;39m [2m---[0;39m [2m[           main][0;39m [36mc.n.c.sources.URLConfigurationSource    [0;39m [2m:[0;39m To enable URLs as dynamic configuration sources, define System property archaius.configurationSource.additionalUrls or make config.properties available on classpath.
[2m2018-06-13 11:07:08.620[0;39m [32m INFO[0;39m [35m76[0;39m [2m---[0;39m [2m[           main][0;39m [36ms.w.s.m.m.a.RequestMappingHandlerAdapter[0;39m [2m:[0;39m Looking for @ControllerAdvice: org.springframework.boot.context.embedded.AnnotationConfigEmbeddedWebApplicationContext@52c3cb31: startup date [Wed Jun 13 11:06:51 GMT 2018]; parent: org.springframework.context.annotation.AnnotationConfigApplicationContext@6ca8564a
[2m2018-06-13 11:07:09.235[0;39m [32m INFO[0;39m [35m76[0;39m [2m---[0;39m [2m[           main][0;39m [36ms.w.s.m.m.a.RequestMappingHandlerMapping[0;39m [2m:[0;39m Mapped "{[/error],produces=[text/html]}" onto public org.springframework.web.servlet.ModelAndView org.springframework.boot.autoconfigure.web.BasicErrorController.errorHtml(javax.servlet.http.HttpServletRequest,javax.servlet.http.HttpServletResponse)
[2m2018-06-13 11:07:09.239[0;39m [32m INFO[0;39m [35m76[0;39m [2m---[0;39m [2m[           main][0;39m [36ms.w.s.m.m.a.RequestMappingHandlerMapping[0;39m [2m:[0;39m Mapped "{[/error]}" onto public org.springframework.http.ResponseEntity<java.util.Map<java.lang.String, java.lang.Object>> org.springframework.boot.autoconfigure.web.BasicErrorController.error(javax.servlet.http.HttpServletRequest)
[2m2018-06-13 11:07:09.462[0;39m [32m INFO[0;39m [35m76[0;39m [2m---[0;39m [2m[           main][0;39m [36mo.s.w.s.handler.SimpleUrlHandlerMapping [0;39m [2m:[0;39m Mapped URL path [/webjars/**] onto handler of type [class org.springframework.web.servlet.resource.ResourceHttpRequestHandler]
[2m2018-06-13 11:07:09.472[0;39m [32m INFO[0;39m [35m76[0;39m [2m---[0;39m [2m[           main][0;39m [36mo.s.w.s.handler.SimpleUrlHandlerMapping [0;39m [2m:[0;39m Mapped URL path [/**] onto handler of type [class org.springframework.web.servlet.resource.ResourceHttpRequestHandler]
[2m2018-06-13 11:07:09.758[0;39m [32m INFO[0;39m [35m76[0;39m [2m---[0;39m [2m[           main][0;39m [36mo.s.w.s.handler.SimpleUrlHandlerMapping [0;39m [2m:[0;39m Mapped URL path [/**/favicon.ico] onto handler of type [class org.springframework.web.servlet.resource.ResourceHttpRequestHandler]
[2m2018-06-13 11:07:14.505[0;39m [32m INFO[0;39m [35m76[0;39m [2m---[0;39m [2m[           main][0;39m [36mo.s.b.a.e.mvc.EndpointHandlerMapping    [0;39m [2m:[0;39m Mapped "{[/hystrix.stream/**]}" onto public org.springframework.web.servlet.ModelAndView org.springframework.cloud.netflix.endpoint.ServletWrappingEndpoint.handle(javax.servlet.http.HttpServletRequest,javax.servlet.http.HttpServletResponse) throws java.lang.Exception
[2m2018-06-13 11:07:14.507[0;39m [32m INFO[0;39m [35m76[0;39m [2m---[0;39m [2m[           main][0;39m [36mo.s.b.a.e.mvc.EndpointHandlerMapping    [0;39m [2m:[0;39m Mapped "{[/features || /features.json],methods=[GET],produces=[application/vnd.spring-boot.actuator.v1+json || application/json]}" onto public java.lang.Object org.springframework.boot.actuate.endpoint.mvc.EndpointMvcAdapter.invoke()
[2m2018-06-13 11:07:14.509[0;39m [32m INFO[0;39m [35m76[0;39m [2m---[0;39m [2m[           main][0;39m [36mo.s.b.a.e.mvc.EndpointHandlerMapping    [0;39m [2m:[0;39m Mapped "{[/refresh || /refresh.json],methods=[POST]}" onto public java.lang.Object org.springframework.cloud.endpoint.GenericPostableMvcEndpoint.invoke()
[2m2018-06-13 11:07:14.510[0;39m [32m INFO[0;39m [35m76[0;39m [2m---[0;39m [2m[           main][0;39m [36mo.s.b.a.e.mvc.EndpointHandlerMapping    [0;39m [2m:[0;39m Mapped "{[/filters || /filters.json],methods=[GET],produces=[application/vnd.spring-boot.actuator.v1+json || application/json]}" onto public java.lang.Object org.springframework.boot.actuate.endpoint.mvc.EndpointMvcAdapter.invoke()
[2m2018-06-13 11:07:14.522[0;39m [32m INFO[0;39m [35m76[0;39m [2m---[0;39m [2m[           main][0;39m [36mo.s.b.a.e.mvc.EndpointHandlerMapping    [0;39m [2m:[0;39m Mapped "{[/loggers/{name:.*}],methods=[GET],produces=[application/vnd.spring-boot.actuator.v1+json || application/json]}" onto public java.lang.Object org.springframework.boot.actuate.endpoint.mvc.LoggersMvcEndpoint.get(java.lang.String)
[2m2018-06-13 11:07:14.526[0;39m [32m INFO[0;39m [35m76[0;39m [2m---[0;39m [2m[           main][0;39m [36mo.s.b.a.e.mvc.EndpointHandlerMapping    [0;39m [2m:[0;39m Mapped "{[/loggers/{name:.*}],methods=[POST],consumes=[application/vnd.spring-boot.actuator.v1+json || application/json],produces=[application/vnd.spring-boot.actuator.v1+json || application/json]}" onto public java.lang.Object org.springframework.boot.actuate.endpoint.mvc.LoggersMvcEndpoint.set(java.lang.String,java.util.Map<java.lang.String, java.lang.String>)
[2m2018-06-13 11:07:14.526[0;39m [32m INFO[0;39m [35m76[0;39m [2m---[0;39m [2m[           main][0;39m [36mo.s.b.a.e.mvc.EndpointHandlerMapping    [0;39m [2m:[0;39m Mapped "{[/loggers || /loggers.json],methods=[GET],produces=[application/vnd.spring-boot.actuator.v1+json || application/json]}" onto public java.lang.Object org.springframework.boot.actuate.endpoint.mvc.EndpointMvcAdapter.invoke()
[2m2018-06-13 11:07:14.527[0;39m [32m INFO[0;39m [35m76[0;39m [2m---[0;39m [2m[           main][0;39m [36mo.s.b.a.e.mvc.EndpointHandlerMapping    [0;39m [2m:[0;39m Mapped "{[/dump || /dump.json],methods=[GET],produces=[application/vnd.spring-boot.actuator.v1+json || application/json]}" onto public java.lang.Object org.springframework.boot.actuate.endpoint.mvc.EndpointMvcAdapter.invoke()
[2m2018-06-13 11:07:14.527[0;39m [32m INFO[0;39m [35m76[0;39m [2m---[0;39m [2m[           main][0;39m [36mo.s.b.a.e.mvc.EndpointHandlerMapping    [0;39m [2m:[0;39m Mapped "{[/env],methods=[POST]}" onto public java.lang.Object org.springframework.cloud.context.environment.EnvironmentManagerMvcEndpoint.value(java.util.Map<java.lang.String, java.lang.String>)
[2m2018-06-13 11:07:14.527[0;39m [32m INFO[0;39m [35m76[0;39m [2m---[0;39m [2m[           main][0;39m [36mo.s.b.a.e.mvc.EndpointHandlerMapping    [0;39m [2m:[0;39m Mapped "{[/env/reset],methods=[POST]}" onto public java.util.Map<java.lang.String, java.lang.Object> org.springframework.cloud.context.environment.EnvironmentManagerMvcEndpoint.reset()
[2m2018-06-13 11:07:14.619[0;39m [32m INFO[0;39m [35m76[0;39m [2m---[0;39m [2m[           main][0;39m [36mo.s.b.a.e.mvc.EndpointHandlerMapping    [0;39m [2m:[0;39m Mapped "{[/routes || /routes.json],methods=[GET],params=[format],produces=[application/vnd.spring-boot.actuator.v1+json || application/json]}" onto public java.lang.Object org.springframework.cloud.netflix.zuul.RoutesMvcEndpoint.invokeRouteDetails(java.lang.String)
[2m2018-06-13 11:07:14.620[0;39m [32m INFO[0;39m [35m76[0;39m [2m---[0;39m [2m[           main][0;39m [36mo.s.b.a.e.mvc.EndpointHandlerMapping    [0;39m [2m:[0;39m Mapped "{[/routes || /routes.json],methods=[POST]}" onto public java.lang.Object org.springframework.cloud.netflix.zuul.RoutesMvcEndpoint.reset()
[2m2018-06-13 11:07:14.620[0;39m [32m INFO[0;39m [35m76[0;39m [2m---[0;39m [2m[           main][0;39m [36mo.s.b.a.e.mvc.EndpointHandlerMapping    [0;39m [2m:[0;39m Mapped "{[/routes || /routes.json],methods=[GET],produces=[application/vnd.spring-boot.actuator.v1+json || application/json]}" onto public java.lang.Object org.springframework.boot.actuate.endpoint.mvc.EndpointMvcAdapter.invoke()
[2m2018-06-13 11:07:14.647[0;39m [32m INFO[0;39m [35m76[0;39m [2m---[0;39m [2m[           main][0;39m [36mo.s.b.a.e.mvc.EndpointHandlerMapping    [0;39m [2m:[0;39m Mapped "{[/beans || /beans.json],methods=[GET],produces=[application/vnd.spring-boot.actuator.v1+json || application/json]}" onto public java.lang.Object org.springframework.boot.actuate.endpoint.mvc.EndpointMvcAdapter.invoke()
[2m2018-06-13 11:07:14.651[0;39m [32m INFO[0;39m [35m76[0;39m [2m---[0;39m [2m[           main][0;39m [36mo.s.b.a.e.mvc.EndpointHandlerMapping    [0;39m [2m:[0;39m Mapped "{[/service-registry/instance-status],methods=[POST]}" onto public org.springframework.http.ResponseEntity<?> org.springframework.cloud.client.serviceregistry.endpoint.ServiceRegistryEndpoint.setStatus(java.lang.String)
[2m2018-06-13 11:07:14.652[0;39m [32m INFO[0;39m [35m76[0;39m [2m---[0;39m [2m[           main][0;39m [36mo.s.b.a.e.mvc.EndpointHandlerMapping    [0;39m [2m:[0;39m Mapped "{[/service-registry/instance-status],methods=[GET]}" onto public org.springframework.http.ResponseEntity org.springframework.cloud.client.serviceregistry.endpoint.ServiceRegistryEndpoint.getStatus()
[2m2018-06-13 11:07:14.654[0;39m [32m INFO[0;39m [35m76[0;39m [2m---[0;39m [2m[           main][0;39m [36mo.s.b.a.e.mvc.EndpointHandlerMapping    [0;39m [2m:[0;39m Mapped "{[/health || /health.json],methods=[GET],produces=[application/vnd.spring-boot.actuator.v1+json || application/json]}" onto public java.lang.Object org.springframework.boot.actuate.endpoint.mvc.HealthMvcEndpoint.invoke(javax.servlet.http.HttpServletRequest,java.security.Principal)
[2m2018-06-13 11:07:14.656[0;39m [32m INFO[0;39m [35m76[0;39m [2m---[0;39m [2m[           main][0;39m [36mo.s.b.a.e.mvc.EndpointHandlerMapping    [0;39m [2m:[0;39m Mapped "{[/metrics/{name:.*}],methods=[GET],produces=[application/vnd.spring-boot.actuator.v1+json || application/json]}" onto public java.lang.Object org.springframework.boot.actuate.endpoint.mvc.MetricsMvcEndpoint.value(java.lang.String)
[2m2018-06-13 11:07:14.657[0;39m [32m INFO[0;39m [35m76[0;39m [2m---[0;39m [2m[           main][0;39m [36mo.s.b.a.e.mvc.EndpointHandlerMapping    [0;39m [2m:[0;39m Mapped "{[/metrics || /metrics.json],methods=[GET],produces=[application/vnd.spring-boot.actuator.v1+json || application/json]}" onto public java.lang.Object org.springframework.boot.actuate.endpoint.mvc.EndpointMvcAdapter.invoke()
[2m2018-06-13 11:07:14.659[0;39m [32m INFO[0;39m [35m76[0;39m [2m---[0;39m [2m[           main][0;39m [36mo.s.b.a.e.mvc.EndpointHandlerMapping    [0;39m [2m:[0;39m Mapped "{[/configprops || /configprops.json],methods=[GET],produces=[application/vnd.spring-boot.actuator.v1+json || application/json]}" onto public java.lang.Object org.springframework.boot.actuate.endpoint.mvc.EndpointMvcAdapter.invoke()
[2m2018-06-13 11:07:14.662[0;39m [32m INFO[0;39m [35m76[0;39m [2m---[0;39m [2m[           main][0;39m [36mo.s.b.a.e.mvc.EndpointHandlerMapping    [0;39m [2m:[0;39m Mapped "{[/heapdump || /heapdump.json],methods=[GET],produces=[application/octet-stream]}" onto public void org.springframework.boot.actuate.endpoint.mvc.HeapdumpMvcEndpoint.invoke(boolean,javax.servlet.http.HttpServletRequest,javax.servlet.http.HttpServletResponse) throws java.io.IOException,javax.servlet.ServletException
[2m2018-06-13 11:07:14.664[0;39m [32m INFO[0;39m [35m76[0;39m [2m---[0;39m [2m[           main][0;39m [36mo.s.b.a.e.mvc.EndpointHandlerMapping    [0;39m [2m:[0;39m Mapped "{[/info || /info.json],methods=[GET],produces=[application/vnd.spring-boot.actuator.v1+json || application/json]}" onto public java.lang.Object org.springframework.boot.actuate.endpoint.mvc.EndpointMvcAdapter.invoke()
[2m2018-06-13 11:07:14.664[0;39m [32m INFO[0;39m [35m76[0;39m [2m---[0;39m [2m[           main][0;39m [36mo.s.b.a.e.mvc.EndpointHandlerMapping    [0;39m [2m:[0;39m Mapped "{[/mappings || /mappings.json],methods=[GET],produces=[application/vnd.spring-boot.actuator.v1+json || application/json]}" onto public java.lang.Object org.springframework.boot.actuate.endpoint.mvc.EndpointMvcAdapter.invoke()
[2m2018-06-13 11:07:14.665[0;39m [32m INFO[0;39m [35m76[0;39m [2m---[0;39m [2m[           main][0;39m [36mo.s.b.a.e.mvc.EndpointHandlerMapping    [0;39m [2m:[0;39m Mapped "{[/archaius || /archaius.json],methods=[GET],produces=[application/vnd.spring-boot.actuator.v1+json || application/json]}" onto public java.lang.Object org.springframework.boot.actuate.endpoint.mvc.EndpointMvcAdapter.invoke()
[2m2018-06-13 11:07:14.666[0;39m [32m INFO[0;39m [35m76[0;39m [2m---[0;39m [2m[           main][0;39m [36mo.s.b.a.e.mvc.EndpointHandlerMapping    [0;39m [2m:[0;39m Mapped "{[/env/{name:.*}],methods=[GET],produces=[application/vnd.spring-boot.actuator.v1+json || application/json]}" onto public java.lang.Object org.springframework.boot.actuate.endpoint.mvc.EnvironmentMvcEndpoint.value(java.lang.String)
[2m2018-06-13 11:07:14.667[0;39m [32m INFO[0;39m [35m76[0;39m [2m---[0;39m [2m[           main][0;39m [36mo.s.b.a.e.mvc.EndpointHandlerMapping    [0;39m [2m:[0;39m Mapped "{[/env || /env.json],methods=[GET],produces=[application/vnd.spring-boot.actuator.v1+json || application/json]}" onto public java.lang.Object org.springframework.boot.actuate.endpoint.mvc.EndpointMvcAdapter.invoke()
[2m2018-06-13 11:07:14.670[0;39m [32m INFO[0;39m [35m76[0;39m [2m---[0;39m [2m[           main][0;39m [36mo.s.b.a.e.mvc.EndpointHandlerMapping    [0;39m [2m:[0;39m Mapped "{[/autoconfig || /autoconfig.json],methods=[GET],produces=[application/vnd.spring-boot.actuator.v1+json || application/json]}" onto public java.lang.Object org.springframework.boot.actuate.endpoint.mvc.EndpointMvcAdapter.invoke()
[2m2018-06-13 11:07:14.706[0;39m [32m INFO[0;39m [35m76[0;39m [2m---[0;39m [2m[           main][0;39m [36mo.s.b.a.e.mvc.EndpointHandlerMapping    [0;39m [2m:[0;39m Mapped "{[/auditevents || /auditevents.json],methods=[GET],produces=[application/vnd.spring-boot.actuator.v1+json || application/json]}" onto public org.springframework.http.ResponseEntity<?> org.springframework.boot.actuate.endpoint.mvc.AuditEventsMvcEndpoint.findByPrincipalAndAfterAndType(java.lang.String,java.util.Date,java.lang.String)
[2m2018-06-13 11:07:14.710[0;39m [32m INFO[0;39m [35m76[0;39m [2m---[0;39m [2m[           main][0;39m [36mo.s.b.a.e.mvc.EndpointHandlerMapping    [0;39m [2m:[0;39m Mapped "{[/trace || /trace.json],methods=[GET],produces=[application/vnd.spring-boot.actuator.v1+json || application/json]}" onto public java.lang.Object org.springframework.boot.actuate.endpoint.mvc.EndpointMvcAdapter.invoke()
[2m2018-06-13 11:07:16.856[0;39m [32m INFO[0;39m [35m76[0;39m [2m---[0;39m [2m[           main][0;39m [36mo.s.c.n.zuul.ZuulFilterInitializer      [0;39m [2m:[0;39m Starting filter initializer
[2m2018-06-13 11:07:16.927[0;39m [33m WARN[0;39m [35m76[0;39m [2m---[0;39m [2m[           main][0;39m [36marterDeprecationWarningAutoConfiguration[0;39m [2m:[0;39m spring-cloud-starter-eureka is deprecated as of Spring Cloud Netflix 1.4.0, please migrate to spring-cloud-starter-netflix-eureka
[2m2018-06-13 11:07:17.062[0;39m [32m INFO[0;39m [35m76[0;39m [2m---[0;39m [2m[           main][0;39m [36mo.s.j.e.a.AnnotationMBeanExporter       [0;39m [2m:[0;39m Registering beans for JMX exposure on startup
[2m2018-06-13 11:07:17.095[0;39m [32m INFO[0;39m [35m76[0;39m [2m---[0;39m [2m[           main][0;39m [36mo.s.j.e.a.AnnotationMBeanExporter       [0;39m [2m:[0;39m Bean with name 'environmentManager' has been autodetected for JMX exposure
[2m2018-06-13 11:07:17.099[0;39m [32m INFO[0;39m [35m76[0;39m [2m---[0;39m [2m[           main][0;39m [36mo.s.j.e.a.AnnotationMBeanExporter       [0;39m [2m:[0;39m Bean with name 'configurationPropertiesRebinder' has been autodetected for JMX exposure
[2m2018-06-13 11:07:17.101[0;39m [32m INFO[0;39m [35m76[0;39m [2m---[0;39m [2m[           main][0;39m [36mo.s.j.e.a.AnnotationMBeanExporter       [0;39m [2m:[0;39m Bean with name 'refreshEndpoint' has been autodetected for JMX exposure
[2m2018-06-13 11:07:17.102[0;39m [32m INFO[0;39m [35m76[0;39m [2m---[0;39m [2m[           main][0;39m [36mo.s.j.e.a.AnnotationMBeanExporter       [0;39m [2m:[0;39m Bean with name 'serviceRegistryEndpoint' has been autodetected for JMX exposure
[2m2018-06-13 11:07:17.104[0;39m [32m INFO[0;39m [35m76[0;39m [2m---[0;39m [2m[           main][0;39m [36mo.s.j.e.a.AnnotationMBeanExporter       [0;39m [2m:[0;39m Bean with name 'routesEndpoint' has been autodetected for JMX exposure
[2m2018-06-13 11:07:17.104[0;39m [32m INFO[0;39m [35m76[0;39m [2m---[0;39m [2m[           main][0;39m [36mo.s.j.e.a.AnnotationMBeanExporter       [0;39m [2m:[0;39m Bean with name 'routesMvcEndpoint' has been autodetected for JMX exposure
[2m2018-06-13 11:07:17.105[0;39m [32m INFO[0;39m [35m76[0;39m [2m---[0;39m [2m[           main][0;39m [36mo.s.j.e.a.AnnotationMBeanExporter       [0;39m [2m:[0;39m Bean with name 'filtersEndpoint' has been autodetected for JMX exposure
[2m2018-06-13 11:07:17.106[0;39m [32m INFO[0;39m [35m76[0;39m [2m---[0;39m [2m[           main][0;39m [36mo.s.j.e.a.AnnotationMBeanExporter       [0;39m [2m:[0;39m Bean with name 'refreshScope' has been autodetected for JMX exposure
[2m2018-06-13 11:07:17.116[0;39m [32m INFO[0;39m [35m76[0;39m [2m---[0;39m [2m[           main][0;39m [36mo.s.j.e.a.AnnotationMBeanExporter       [0;39m [2m:[0;39m Located managed bean 'environmentManager': registering with JMX server as MBean [org.springframework.cloud.context.environment:name=environmentManager,type=EnvironmentManager]
[2m2018-06-13 11:07:17.199[0;39m [32m INFO[0;39m [35m76[0;39m [2m---[0;39m [2m[           main][0;39m [36mo.s.j.e.a.AnnotationMBeanExporter       [0;39m [2m:[0;39m Located managed bean 'routesEndpoint': registering with JMX server as MBean [org.springframework.cloud.netflix.zuul:name=routesEndpoint,type=RoutesEndpoint]
[2m2018-06-13 11:07:17.206[0;39m [33m WARN[0;39m [35m76[0;39m [2m---[0;39m [2m[           main][0;39m [36mo.s.j.e.a.AnnotationMBeanExporter       [0;39m [2m:[0;39m Bean with key 'routesEndpoint' has been registered as an MBean but has no exposed attributes or operations
[2m2018-06-13 11:07:17.209[0;39m [32m INFO[0;39m [35m76[0;39m [2m---[0;39m [2m[           main][0;39m [36mo.s.j.e.a.AnnotationMBeanExporter       [0;39m [2m:[0;39m Located managed bean 'routesMvcEndpoint': registering with JMX server as MBean [org.springframework.cloud.netflix.zuul:name=routesMvcEndpoint,type=RoutesMvcEndpoint]
[2m2018-06-13 11:07:17.231[0;39m [32m INFO[0;39m [35m76[0;39m [2m---[0;39m [2m[           main][0;39m [36mo.s.j.e.a.AnnotationMBeanExporter       [0;39m [2m:[0;39m Located managed bean 'serviceRegistryEndpoint': registering with JMX server as MBean [org.springframework.cloud.client.serviceregistry.endpoint:name=serviceRegistryEndpoint,type=ServiceRegistryEndpoint]
[2m2018-06-13 11:07:17.239[0;39m [32m INFO[0;39m [35m76[0;39m [2m---[0;39m [2m[           main][0;39m [36mo.s.j.e.a.AnnotationMBeanExporter       [0;39m [2m:[0;39m Located managed bean 'filtersEndpoint': registering with JMX server as MBean [org.springframework.cloud.netflix.zuul:name=filtersEndpoint,type=FiltersEndpoint]
[2m2018-06-13 11:07:17.240[0;39m [33m WARN[0;39m [35m76[0;39m [2m---[0;39m [2m[           main][0;39m [36mo.s.j.e.a.AnnotationMBeanExporter       [0;39m [2m:[0;39m Bean with key 'filtersEndpoint' has been registered as an MBean but has no exposed attributes or operations
[2m2018-06-13 11:07:17.242[0;39m [32m INFO[0;39m [35m76[0;39m [2m---[0;39m [2m[           main][0;39m [36mo.s.j.e.a.AnnotationMBeanExporter       [0;39m [2m:[0;39m Located managed bean 'refreshScope': registering with JMX server as MBean [org.springframework.cloud.context.scope.refresh:name=refreshScope,type=RefreshScope]
[2m2018-06-13 11:07:17.268[0;39m [32m INFO[0;39m [35m76[0;39m [2m---[0;39m [2m[           main][0;39m [36mo.s.j.e.a.AnnotationMBeanExporter       [0;39m [2m:[0;39m Located managed bean 'configurationPropertiesRebinder': registering with JMX server as MBean [org.springframework.cloud.context.properties:name=configurationPropertiesRebinder,context=52c3cb31,type=ConfigurationPropertiesRebinder]
[2m2018-06-13 11:07:17.272[0;39m [32m INFO[0;39m [35m76[0;39m [2m---[0;39m [2m[           main][0;39m [36mo.s.j.e.a.AnnotationMBeanExporter       [0;39m [2m:[0;39m Located managed bean 'refreshEndpoint': registering with JMX server as MBean [org.springframework.cloud.endpoint:name=refreshEndpoint,type=RefreshEndpoint]
[2m2018-06-13 11:07:17.513[0;39m [32m INFO[0;39m [35m76[0;39m [2m---[0;39m [2m[           main][0;39m [36mo.s.c.support.DefaultLifecycleProcessor [0;39m [2m:[0;39m Starting beans in phase 0
[2m2018-06-13 11:07:17.535[0;39m [32m INFO[0;39m [35m76[0;39m [2m---[0;39m [2m[           main][0;39m [36mo.s.c.n.eureka.InstanceInfoFactory      [0;39m [2m:[0;39m Setting initial instance status as: STARTING
[2m2018-06-13 11:07:17.715[0;39m [32m INFO[0;39m [35m76[0;39m [2m---[0;39m [2m[           main][0;39m [36mcom.netflix.discovery.DiscoveryClient   [0;39m [2m:[0;39m Initializing Eureka in region us-east-1
[2m2018-06-13 11:07:18.077[0;39m [32m INFO[0;39m [35m76[0;39m [2m---[0;39m [2m[           main][0;39m [36mc.n.d.provider.DiscoveryJerseyProvider  [0;39m [2m:[0;39m Using JSON encoding codec LegacyJacksonJson
[2m2018-06-13 11:07:18.078[0;39m [32m INFO[0;39m [35m76[0;39m [2m---[0;39m [2m[           main][0;39m [36mc.n.d.provider.DiscoveryJerseyProvider  [0;39m [2m:[0;39m Using JSON decoding codec LegacyJacksonJson
[2m2018-06-13 11:07:18.623[0;39m [32m INFO[0;39m [35m76[0;39m [2m---[0;39m [2m[           main][0;39m [36mc.n.d.provider.DiscoveryJerseyProvider  [0;39m [2m:[0;39m Using XML encoding codec XStreamXml
[2m2018-06-13 11:07:18.623[0;39m [32m INFO[0;39m [35m76[0;39m [2m---[0;39m [2m[           main][0;39m [36mc.n.d.provider.DiscoveryJerseyProvider  [0;39m [2m:[0;39m Using XML decoding codec XStreamXml
[2m2018-06-13 11:07:19.068[0;39m [32m INFO[0;39m [35m76[0;39m [2m---[0;39m [2m[           main][0;39m [36mc.n.d.s.r.aws.ConfigClusterResolver     [0;39m [2m:[0;39m Resolving eureka endpoints via configuration
[2m2018-06-13 11:07:19.125[0;39m [32m INFO[0;39m [35m76[0;39m [2m---[0;39m [2m[           main][0;39m [36mcom.netflix.discovery.DiscoveryClient   [0;39m [2m:[0;39m Disable delta property : false
[2m2018-06-13 11:07:19.125[0;39m [32m INFO[0;39m [35m76[0;39m [2m---[0;39m [2m[           main][0;39m [36mcom.netflix.discovery.DiscoveryClient   [0;39m [2m:[0;39m Single vip registry refresh property : null
[2m2018-06-13 11:07:19.125[0;39m [32m INFO[0;39m [35m76[0;39m [2m---[0;39m [2m[           main][0;39m [36mcom.netflix.discovery.DiscoveryClient   [0;39m [2m:[0;39m Force full registry fetch : false
[2m2018-06-13 11:07:19.125[0;39m [32m INFO[0;39m [35m76[0;39m [2m---[0;39m [2m[           main][0;39m [36mcom.netflix.discovery.DiscoveryClient   [0;39m [2m:[0;39m Application is null : false
[2m2018-06-13 11:07:19.125[0;39m [32m INFO[0;39m [35m76[0;39m [2m---[0;39m [2m[           main][0;39m [36mcom.netflix.discovery.DiscoveryClient   [0;39m [2m:[0;39m Registered Applications size is zero : true
[2m2018-06-13 11:07:19.125[0;39m [32m INFO[0;39m [35m76[0;39m [2m---[0;39m [2m[           main][0;39m [36mcom.netflix.discovery.DiscoveryClient   [0;39m [2m:[0;39m Application version is -1: true
[2m2018-06-13 11:07:19.125[0;39m [32m INFO[0;39m [35m76[0;39m [2m---[0;39m [2m[           main][0;39m [36mcom.netflix.discovery.DiscoveryClient   [0;39m [2m:[0;39m Getting all instance registry info from the eureka server
[2m2018-06-13 11:07:20.061[0;39m [32m INFO[0;39m [35m76[0;39m [2m---[0;39m [2m[           main][0;39m [36mcom.netflix.discovery.DiscoveryClient   [0;39m [2m:[0;39m The response status is 200
[2m2018-06-13 11:07:20.063[0;39m [32m INFO[0;39m [35m76[0;39m [2m---[0;39m [2m[           main][0;39m [36mcom.netflix.discovery.DiscoveryClient   [0;39m [2m:[0;39m Starting heartbeat executor: renew interval is: 30
[2m2018-06-13 11:07:20.068[0;39m [32m INFO[0;39m [35m76[0;39m [2m---[0;39m [2m[           main][0;39m [36mc.n.discovery.InstanceInfoReplicator    [0;39m [2m:[0;39m InstanceInfoReplicator onDemand update allowed rate per min is 4
[2m2018-06-13 11:07:20.073[0;39m [32m INFO[0;39m [35m76[0;39m [2m---[0;39m [2m[           main][0;39m [36mcom.netflix.discovery.DiscoveryClient   [0;39m [2m:[0;39m Discovery Client initialized at timestamp 1528888040072 with initial instances count: 0
[2m2018-06-13 11:07:20.171[0;39m [32m INFO[0;39m [35m76[0;39m [2m---[0;39m [2m[           main][0;39m [36mo.s.c.n.e.s.EurekaServiceRegistry       [0;39m [2m:[0;39m Registering application api-gateway with eureka with status UP
[2m2018-06-13 11:07:20.176[0;39m [32m INFO[0;39m [35m76[0;39m [2m---[0;39m [2m[           main][0;39m [36mcom.netflix.discovery.DiscoveryClient   [0;39m [2m:[0;39m Saw local status change event StatusChangeEvent [timestamp=1528888040176, current=UP, previous=STARTING]
[2m2018-06-13 11:07:20.179[0;39m [32m INFO[0;39m [35m76[0;39m [2m---[0;39m [2m[nfoReplicator-0][0;39m [36mcom.netflix.discovery.DiscoveryClient   [0;39m [2m:[0;39m DiscoveryClient_API-GATEWAY/3a13bcffd178:api-gateway: registering service...
[2m2018-06-13 11:07:20.337[0;39m [32m INFO[0;39m [35m76[0;39m [2m---[0;39m [2m[           main][0;39m [36mo.s.c.support.DefaultLifecycleProcessor [0;39m [2m:[0;39m Starting beans in phase 2147483647
[2m2018-06-13 11:07:20.350[0;39m [32m INFO[0;39m [35m76[0;39m [2m---[0;39m [2m[           main][0;39m [36mration$HystrixMetricsPollerConfiguration[0;39m [2m:[0;39m Starting poller
[2m2018-06-13 11:07:20.658[0;39m [32m INFO[0;39m [35m76[0;39m [2m---[0;39m [2m[           main][0;39m [36ms.b.c.e.t.TomcatEmbeddedServletContainer[0;39m [2m:[0;39m Tomcat started on port(s): 8080 (http)
[2m2018-06-13 11:07:20.662[0;39m [32m INFO[0;39m [35m76[0;39m [2m---[0;39m [2m[           main][0;39m [36m.s.c.n.e.s.EurekaAutoServiceRegistration[0;39m [2m:[0;39m Updating port to 8080
[2m2018-06-13 11:07:20.700[0;39m [32m INFO[0;39m [35m76[0;39m [2m---[0;39m [2m[           main][0;39m [36mc.e.apigateway.ZuulGatewayApplication   [0;39m [2m:[0;39m Started ZuulGatewayApplication in 34.673 seconds (JVM running for 37.415)
[2m2018-06-13 11:07:20.941[0;39m [32m INFO[0;39m [35m76[0;39m [2m---[0;39m [2m[nfoReplicator-0][0;39m [36mcom.netflix.discovery.DiscoveryClient   [0;39m [2m:[0;39m DiscoveryClient_API-GATEWAY/3a13bcffd178:api-gateway - registration status: 204
[2m2018-06-13 11:07:50.066[0;39m [32m INFO[0;39m [35m76[0;39m [2m---[0;39m [2m[freshExecutor-0][0;39m [36mcom.netflix.discovery.DiscoveryClient   [0;39m [2m:[0;39m Disable delta property : false
[2m2018-06-13 11:07:50.066[0;39m [32m INFO[0;39m [35m76[0;39m [2m---[0;39m [2m[freshExecutor-0][0;39m [36mcom.netflix.discovery.DiscoveryClient   [0;39m [2m:[0;39m Single vip registry refresh property : null
[2m2018-06-13 11:07:50.066[0;39m [32m INFO[0;39m [35m76[0;39m [2m---[0;39m [2m[freshExecutor-0][0;39m [36mcom.netflix.discovery.DiscoveryClient   [0;39m [2m:[0;39m Force full registry fetch : false
[2m2018-06-13 11:07:50.066[0;39m [32m INFO[0;39m [35m76[0;39m [2m---[0;39m [2m[freshExecutor-0][0;39m [36mcom.netflix.discovery.DiscoveryClient   [0;39m [2m:[0;39m Application is null : false
[2m2018-06-13 11:07:50.067[0;39m [32m INFO[0;39m [35m76[0;39m [2m---[0;39m [2m[freshExecutor-0][0;39m [36mcom.netflix.discovery.DiscoveryClient   [0;39m [2m:[0;39m Registered Applications size is zero : true
[2m2018-06-13 11:07:50.067[0;39m [32m INFO[0;39m [35m76[0;39m [2m---[0;39m [2m[freshExecutor-0][0;39m [36mcom.netflix.discovery.DiscoveryClient   [0;39m [2m:[0;39m Application version is -1: false
[2m2018-06-13 11:07:50.067[0;39m [32m INFO[0;39m [35m76[0;39m [2m---[0;39m [2m[freshExecutor-0][0;39m [36mcom.netflix.discovery.DiscoveryClient   [0;39m [2m:[0;39m Getting all instance registry info from the eureka server
[2m2018-06-13 11:07:50.152[0;39m [32m INFO[0;39m [35m76[0;39m [2m---[0;39m [2m[freshExecutor-0][0;39m [36mcom.netflix.discovery.DiscoveryClient   [0;39m [2m:[0;39m The response status is 200
[2m2018-06-13 11:12:19.155[0;39m [32m INFO[0;39m [35m76[0;39m [2m---[0;39m [2m[trap-executor-0][0;39m [36mc.n.d.s.r.aws.ConfigClusterResolver     [0;39m [2m:[0;39m Resolving eureka endpoints via configuration
